[2023-07-05 11:32:17] local.ERROR: SQLSTATE[HY000] [2002] No connection could be made because the target machine actively refused it (SQL: select * from `canteens`) {"exception":"[object] (Illuminate\\Database\\QueryException(code: 2002): SQLSTATE[HY000] [2002] No connection could be made because the target machine actively refused it (SQL: select * from `canteens`) at C:\\Users\\cells\\OneDrive\\Documents\\GitHub\\NpcDev\\NpcDev\\vendor\\laravel\\framework\\src\\Illuminate\\Database\\Connection.php:712)
[stacktrace]
#0 C:\\Users\\cells\\OneDrive\\Documents\\GitHub\\NpcDev\\NpcDev\\vendor\\laravel\\framework\\src\\Illuminate\\Database\\Connection.php(672): Illuminate\\Database\\Connection->runQueryCallback()
#1 C:\\Users\\cells\\OneDrive\\Documents\\GitHub\\NpcDev\\NpcDev\\vendor\\laravel\\framework\\src\\Illuminate\\Database\\Connection.php(359): Illuminate\\Database\\Connection->run()
#2 C:\\Users\\cells\\OneDrive\\Documents\\GitHub\\NpcDev\\NpcDev\\vendor\\laravel\\framework\\src\\Illuminate\\Database\\Query\\Builder.php(2413): Illuminate\\Database\\Connection->select()
#3 C:\\Users\\cells\\OneDrive\\Documents\\GitHub\\NpcDev\\NpcDev\\vendor\\laravel\\framework\\src\\Illuminate\\Database\\Query\\Builder.php(2402): Illuminate\\Database\\Query\\Builder->runSelect()
#4 C:\\Users\\cells\\OneDrive\\Documents\\GitHub\\NpcDev\\NpcDev\\vendor\\laravel\\framework\\src\\Illuminate\\Database\\Query\\Builder.php(2936): Illuminate\\Database\\Query\\Builder->Illuminate\\Database\\Query\\{closure}()
#5 C:\\Users\\cells\\OneDrive\\Documents\\GitHub\\NpcDev\\NpcDev\\vendor\\laravel\\framework\\src\\Illuminate\\Database\\Query\\Builder.php(2401): Illuminate\\Database\\Query\\Builder->onceWithColumns()
#6 C:\\Users\\cells\\OneDrive\\Documents\\GitHub\\NpcDev\\NpcDev\\vendor\\laravel\\framework\\src\\Illuminate\\Database\\Eloquent\\Builder.php(625): Illuminate\\Database\\Query\\Builder->get()
#7 C:\\Users\\cells\\OneDrive\\Documents\\GitHub\\NpcDev\\NpcDev\\vendor\\laravel\\framework\\src\\Illuminate\\Database\\Eloquent\\Builder.php(609): Illuminate\\Database\\Eloquent\\Builder->getModels()
#8 C:\\Users\\cells\\OneDrive\\Documents\\GitHub\\NpcDev\\NpcDev\\vendor\\laravel\\framework\\src\\Illuminate\\Database\\Eloquent\\Model.php(567): Illuminate\\Database\\Eloquent\\Builder->get()
#9 C:\\Users\\cells\\OneDrive\\Documents\\GitHub\\NpcDev\\NpcDev\\app\\Http\\Controllers\\CanteensController.php(22): Illuminate\\Database\\Eloquent\\Model::all()
#10 C:\\Users\\cells\\OneDrive\\Documents\\GitHub\\NpcDev\\NpcDev\\vendor\\laravel\\framework\\src\\Illuminate\\Routing\\Controller.php(54): App\\Http\\Controllers\\CanteensController->getCanteens()
#11 C:\\Users\\cells\\OneDrive\\Documents\\GitHub\\NpcDev\\NpcDev\\vendor\\laravel\\framework\\src\\Illuminate\\Routing\\ControllerDispatcher.php(45): Illuminate\\Routing\\Controller->callAction()
#12 C:\\Users\\cells\\OneDrive\\Documents\\GitHub\\NpcDev\\NpcDev\\vendor\\laravel\\framework\\src\\Illuminate\\Routing\\Route.php(261): Illuminate\\Routing\\ControllerDispatcher->dispatch()
#13 C:\\Users\\cells\\OneDrive\\Documents\\GitHub\\NpcDev\\NpcDev\\vendor\\laravel\\framework\\src\\Illuminate\\Routing\\Route.php(205): Illuminate\\Routing\\Route->runController()
#14 C:\\Users\\cells\\OneDrive\\Documents\\GitHub\\NpcDev\\NpcDev\\vendor\\laravel\\framework\\src\\Illuminate\\Routing\\Router.php(721): Illuminate\\Routing\\Route->run()
#15 C:\\Users\\cells\\OneDrive\\Documents\\GitHub\\NpcDev\\NpcDev\\vendor\\laravel\\framework\\src\\Illuminate\\Pipeline\\Pipeline.php(128): Illuminate\\Routing\\Router->Illuminate\\Routing\\{closure}()
#16 C:\\Users\\cells\\OneDrive\\Documents\\GitHub\\NpcDev\\NpcDev\\vendor\\laravel\\framework\\src\\Illuminate\\Routing\\Middleware\\SubstituteBindings.php(50): Illuminate\\Pipeline\\Pipeline->Illuminate\\Pipeline\\{closure}()
#17 C:\\Users\\cells\\OneDrive\\Documents\\GitHub\\NpcDev\\NpcDev\\vendor\\laravel\\framework\\src\\Illuminate\\Pipeline\\Pipeline.php(167): Illuminate\\Routing\\Middleware\\SubstituteBindings->handle()
#18 C:\\Users\\cells\\OneDrive\\Documents\\GitHub\\NpcDev\\NpcDev\\vendor\\laravel\\framework\\src\\Illuminate\\Foundation\\Http\\Middleware\\VerifyCsrfToken.php(78): Illuminate\\Pipeline\\Pipeline->Illuminate\\Pipeline\\{closure}()
#19 C:\\Users\\cells\\OneDrive\\Documents\\GitHub\\NpcDev\\NpcDev\\vendor\\laravel\\framework\\src\\Illuminate\\Pipeline\\Pipeline.php(167): Illuminate\\Foundation\\Http\\Middleware\\VerifyCsrfToken->handle()
#20 C:\\Users\\cells\\OneDrive\\Documents\\GitHub\\NpcDev\\NpcDev\\vendor\\laravel\\framework\\src\\Illuminate\\View\\Middleware\\ShareErrorsFromSession.php(49): Illuminate\\Pipeline\\Pipeline->Illuminate\\Pipeline\\{closure}()
#21 C:\\Users\\cells\\OneDrive\\Documents\\GitHub\\NpcDev\\NpcDev\\vendor\\laravel\\framework\\src\\Illuminate\\Pipeline\\Pipeline.php(167): Illuminate\\View\\Middleware\\ShareErrorsFromSession->handle()
#22 C:\\Users\\cells\\OneDrive\\Documents\\GitHub\\NpcDev\\NpcDev\\vendor\\laravel\\framework\\src\\Illuminate\\Session\\Middleware\\StartSession.php(121): Illuminate\\Pipeline\\Pipeline->Illuminate\\Pipeline\\{closure}()
#23 C:\\Users\\cells\\OneDrive\\Documents\\GitHub\\NpcDev\\NpcDev\\vendor\\laravel\\framework\\src\\Illuminate\\Session\\Middleware\\StartSession.php(64): Illuminate\\Session\\Middleware\\StartSession->handleStatefulRequest()
#24 C:\\Users\\cells\\OneDrive\\Documents\\GitHub\\NpcDev\\NpcDev\\vendor\\laravel\\framework\\src\\Illuminate\\Pipeline\\Pipeline.php(167): Illuminate\\Session\\Middleware\\StartSession->handle()
#25 C:\\Users\\cells\\OneDrive\\Documents\\GitHub\\NpcDev\\NpcDev\\vendor\\laravel\\framework\\src\\Illuminate\\Cookie\\Middleware\\AddQueuedCookiesToResponse.php(37): Illuminate\\Pipeline\\Pipeline->Illuminate\\Pipeline\\{closure}()
#26 C:\\Users\\cells\\OneDrive\\Documents\\GitHub\\NpcDev\\NpcDev\\vendor\\laravel\\framework\\src\\Illuminate\\Pipeline\\Pipeline.php(167): Illuminate\\Cookie\\Middleware\\AddQueuedCookiesToResponse->handle()
#27 C:\\Users\\cells\\OneDrive\\Documents\\GitHub\\NpcDev\\NpcDev\\vendor\\laravel\\framework\\src\\Illuminate\\Cookie\\Middleware\\EncryptCookies.php(67): Illuminate\\Pipeline\\Pipeline->Illuminate\\Pipeline\\{closure}()
#28 C:\\Users\\cells\\OneDrive\\Documents\\GitHub\\NpcDev\\NpcDev\\vendor\\laravel\\framework\\src\\Illuminate\\Pipeline\\Pipeline.php(167): Illuminate\\Cookie\\Middleware\\EncryptCookies->handle()
#29 C:\\Users\\cells\\OneDrive\\Documents\\GitHub\\NpcDev\\NpcDev\\vendor\\laravel\\framework\\src\\Illuminate\\Pipeline\\Pipeline.php(103): Illuminate\\Pipeline\\Pipeline->Illuminate\\Pipeline\\{closure}()
#30 C:\\Users\\cells\\OneDrive\\Documents\\GitHub\\NpcDev\\NpcDev\\vendor\\laravel\\framework\\src\\Illuminate\\Routing\\Router.php(719): Illuminate\\Pipeline\\Pipeline->then()
#31 C:\\Users\\cells\\OneDrive\\Documents\\GitHub\\NpcDev\\NpcDev\\vendor\\laravel\\framework\\src\\Illuminate\\Routing\\Router.php(698): Illuminate\\Routing\\Router->runRouteWithinStack()
#32 C:\\Users\\cells\\OneDrive\\Documents\\GitHub\\NpcDev\\NpcDev\\vendor\\laravel\\framework\\src\\Illuminate\\Routing\\Router.php(662): Illuminate\\Routing\\Router->runRoute()
#33 C:\\Users\\cells\\OneDrive\\Documents\\GitHub\\NpcDev\\NpcDev\\vendor\\laravel\\framework\\src\\Illuminate\\Routing\\Router.php(651): Illuminate\\Routing\\Router->dispatchToRoute()
#34 C:\\Users\\cells\\OneDrive\\Documents\\GitHub\\NpcDev\\NpcDev\\vendor\\laravel\\framework\\src\\Illuminate\\Foundation\\Http\\Kernel.php(167): Illuminate\\Routing\\Router->dispatch()
#35 C:\\Users\\cells\\OneDrive\\Documents\\GitHub\\NpcDev\\NpcDev\\vendor\\laravel\\framework\\src\\Illuminate\\Pipeline\\Pipeline.php(128): Illuminate\\Foundation\\Http\\Kernel->Illuminate\\Foundation\\Http\\{closure}()
#36 C:\\Users\\cells\\OneDrive\\Documents\\GitHub\\NpcDev\\NpcDev\\vendor\\laravel\\framework\\src\\Illuminate\\Foundation\\Http\\Middleware\\TransformsRequest.php(21): Illuminate\\Pipeline\\Pipeline->Illuminate\\Pipeline\\{closure}()
#37 C:\\Users\\cells\\OneDrive\\Documents\\GitHub\\NpcDev\\NpcDev\\vendor\\laravel\\framework\\src\\Illuminate\\Foundation\\Http\\Middleware\\ConvertEmptyStringsToNull.php(31): Illuminate\\Foundation\\Http\\Middleware\\TransformsRequest->handle()
#38 C:\\Users\\cells\\OneDrive\\Documents\\GitHub\\NpcDev\\NpcDev\\vendor\\laravel\\framework\\src\\Illuminate\\Pipeline\\Pipeline.php(167): Illuminate\\Foundation\\Http\\Middleware\\ConvertEmptyStringsToNull->handle()
#39 C:\\Users\\cells\\OneDrive\\Documents\\GitHub\\NpcDev\\NpcDev\\vendor\\laravel\\framework\\src\\Illuminate\\Foundation\\Http\\Middleware\\TransformsRequest.php(21): Illuminate\\Pipeline\\Pipeline->Illuminate\\Pipeline\\{closure}()
#40 C:\\Users\\cells\\OneDrive\\Documents\\GitHub\\NpcDev\\NpcDev\\vendor\\laravel\\framework\\src\\Illuminate\\Foundation\\Http\\Middleware\\TrimStrings.php(40): Illuminate\\Foundation\\Http\\Middleware\\TransformsRequest->handle()
#41 C:\\Users\\cells\\OneDrive\\Documents\\GitHub\\NpcDev\\NpcDev\\vendor\\laravel\\framework\\src\\Illuminate\\Pipeline\\Pipeline.php(167): Illuminate\\Foundation\\Http\\Middleware\\TrimStrings->handle()
#42 C:\\Users\\cells\\OneDrive\\Documents\\GitHub\\NpcDev\\NpcDev\\vendor\\laravel\\framework\\src\\Illuminate\\Foundation\\Http\\Middleware\\ValidatePostSize.php(27): Illuminate\\Pipeline\\Pipeline->Illuminate\\Pipeline\\{closure}()
#43 C:\\Users\\cells\\OneDrive\\Documents\\GitHub\\NpcDev\\NpcDev\\vendor\\laravel\\framework\\src\\Illuminate\\Pipeline\\Pipeline.php(167): Illuminate\\Foundation\\Http\\Middleware\\ValidatePostSize->handle()
#44 C:\\Users\\cells\\OneDrive\\Documents\\GitHub\\NpcDev\\NpcDev\\vendor\\laravel\\framework\\src\\Illuminate\\Foundation\\Http\\Middleware\\PreventRequestsDuringMaintenance.php(86): Illuminate\\Pipeline\\Pipeline->Illuminate\\Pipeline\\{closure}()
#45 C:\\Users\\cells\\OneDrive\\Documents\\GitHub\\NpcDev\\NpcDev\\vendor\\laravel\\framework\\src\\Illuminate\\Pipeline\\Pipeline.php(167): Illuminate\\Foundation\\Http\\Middleware\\PreventRequestsDuringMaintenance->handle()
#46 C:\\Users\\cells\\OneDrive\\Documents\\GitHub\\NpcDev\\NpcDev\\vendor\\fruitcake\\laravel-cors\\src\\HandleCors.php(38): Illuminate\\Pipeline\\Pipeline->Illuminate\\Pipeline\\{closure}()
#47 C:\\Users\\cells\\OneDrive\\Documents\\GitHub\\NpcDev\\NpcDev\\vendor\\laravel\\framework\\src\\Illuminate\\Pipeline\\Pipeline.php(167): Fruitcake\\Cors\\HandleCors->handle()
#48 C:\\Users\\cells\\OneDrive\\Documents\\GitHub\\NpcDev\\NpcDev\\vendor\\laravel\\framework\\src\\Illuminate\\Http\\Middleware\\TrustProxies.php(39): Illuminate\\Pipeline\\Pipeline->Illuminate\\Pipeline\\{closure}()
#49 C:\\Users\\cells\\OneDrive\\Documents\\GitHub\\NpcDev\\NpcDev\\vendor\\laravel\\framework\\src\\Illuminate\\Pipeline\\Pipeline.php(167): Illuminate\\Http\\Middleware\\TrustProxies->handle()
#50 C:\\Users\\cells\\OneDrive\\Documents\\GitHub\\NpcDev\\NpcDev\\vendor\\laravel\\framework\\src\\Illuminate\\Pipeline\\Pipeline.php(103): Illuminate\\Pipeline\\Pipeline->Illuminate\\Pipeline\\{closure}()
#51 C:\\Users\\cells\\OneDrive\\Documents\\GitHub\\NpcDev\\NpcDev\\vendor\\laravel\\framework\\src\\Illuminate\\Foundation\\Http\\Kernel.php(142): Illuminate\\Pipeline\\Pipeline->then()
#52 C:\\Users\\cells\\OneDrive\\Documents\\GitHub\\NpcDev\\NpcDev\\vendor\\laravel\\framework\\src\\Illuminate\\Foundation\\Http\\Kernel.php(111): Illuminate\\Foundation\\Http\\Kernel->sendRequestThroughRouter()
#53 C:\\Users\\cells\\OneDrive\\Documents\\GitHub\\NpcDev\\NpcDev\\public\\index.php(51): Illuminate\\Foundation\\Http\\Kernel->handle()
#54 C:\\Users\\cells\\OneDrive\\Documents\\GitHub\\NpcDev\\NpcDev\\server.php(21): require_once('...')
#55 {main}

[previous exception] [object] (PDOException(code: 2002): SQLSTATE[HY000] [2002] No connection could be made because the target machine actively refused it at C:\\Users\\cells\\OneDrive\\Documents\\GitHub\\NpcDev\\NpcDev\\vendor\\laravel\\framework\\src\\Illuminate\\Database\\Connectors\\Connector.php:70)
[stacktrace]
#0 C:\\Users\\cells\\OneDrive\\Documents\\GitHub\\NpcDev\\NpcDev\\vendor\\laravel\\framework\\src\\Illuminate\\Database\\Connectors\\Connector.php(70): PDO->__construct()
#1 C:\\Users\\cells\\OneDrive\\Documents\\GitHub\\NpcDev\\NpcDev\\vendor\\laravel\\framework\\src\\Illuminate\\Database\\Connectors\\Connector.php(45): Illuminate\\Database\\Connectors\\Connector->createPdoConnection()
#2 C:\\Users\\cells\\OneDrive\\Documents\\GitHub\\NpcDev\\NpcDev\\vendor\\laravel\\framework\\src\\Illuminate\\Database\\Connectors\\MySqlConnector.php(24): Illuminate\\Database\\Connectors\\Connector->createConnection()
#3 C:\\Users\\cells\\OneDrive\\Documents\\GitHub\\NpcDev\\NpcDev\\vendor\\laravel\\framework\\src\\Illuminate\\Database\\Connectors\\ConnectionFactory.php(184): Illuminate\\Database\\Connectors\\MySqlConnector->connect()
#4 [internal function]: Illuminate\\Database\\Connectors\\ConnectionFactory->Illuminate\\Database\\Connectors\\{closure}()
#5 C:\\Users\\cells\\OneDrive\\Documents\\GitHub\\NpcDev\\NpcDev\\vendor\\laravel\\framework\\src\\Illuminate\\Database\\Connection.php(1064): call_user_func()
#6 C:\\Users\\cells\\OneDrive\\Documents\\GitHub\\NpcDev\\NpcDev\\vendor\\laravel\\framework\\src\\Illuminate\\Database\\Connection.php(1100): Illuminate\\Database\\Connection->getPdo()
#7 C:\\Users\\cells\\OneDrive\\Documents\\GitHub\\NpcDev\\NpcDev\\vendor\\laravel\\framework\\src\\Illuminate\\Database\\Connection.php(442): Illuminate\\Database\\Connection->getReadPdo()
#8 C:\\Users\\cells\\OneDrive\\Documents\\GitHub\\NpcDev\\NpcDev\\vendor\\laravel\\framework\\src\\Illuminate\\Database\\Connection.php(368): Illuminate\\Database\\Connection->getPdoForSelect()
#9 C:\\Users\\cells\\OneDrive\\Documents\\GitHub\\NpcDev\\NpcDev\\vendor\\laravel\\framework\\src\\Illuminate\\Database\\Connection.php(705): Illuminate\\Database\\Connection->Illuminate\\Database\\{closure}()
#10 C:\\Users\\cells\\OneDrive\\Documents\\GitHub\\NpcDev\\NpcDev\\vendor\\laravel\\framework\\src\\Illuminate\\Database\\Connection.php(672): Illuminate\\Database\\Connection->runQueryCallback()
#11 C:\\Users\\cells\\OneDrive\\Documents\\GitHub\\NpcDev\\NpcDev\\vendor\\laravel\\framework\\src\\Illuminate\\Database\\Connection.php(359): Illuminate\\Database\\Connection->run()
#12 C:\\Users\\cells\\OneDrive\\Documents\\GitHub\\NpcDev\\NpcDev\\vendor\\laravel\\framework\\src\\Illuminate\\Database\\Query\\Builder.php(2413): Illuminate\\Database\\Connection->select()
#13 C:\\Users\\cells\\OneDrive\\Documents\\GitHub\\NpcDev\\NpcDev\\vendor\\laravel\\framework\\src\\Illuminate\\Database\\Query\\Builder.php(2402): Illuminate\\Database\\Query\\Builder->runSelect()
#14 C:\\Users\\cells\\OneDrive\\Documents\\GitHub\\NpcDev\\NpcDev\\vendor\\laravel\\framework\\src\\Illuminate\\Database\\Query\\Builder.php(2936): Illuminate\\Database\\Query\\Builder->Illuminate\\Database\\Query\\{closure}()
#15 C:\\Users\\cells\\OneDrive\\Documents\\GitHub\\NpcDev\\NpcDev\\vendor\\laravel\\framework\\src\\Illuminate\\Database\\Query\\Builder.php(2401): Illuminate\\Database\\Query\\Builder->onceWithColumns()
#16 C:\\Users\\cells\\OneDrive\\Documents\\GitHub\\NpcDev\\NpcDev\\vendor\\laravel\\framework\\src\\Illuminate\\Database\\Eloquent\\Builder.php(625): Illuminate\\Database\\Query\\Builder->get()
#17 C:\\Users\\cells\\OneDrive\\Documents\\GitHub\\NpcDev\\NpcDev\\vendor\\laravel\\framework\\src\\Illuminate\\Database\\Eloquent\\Builder.php(609): Illuminate\\Database\\Eloquent\\Builder->getModels()
#18 C:\\Users\\cells\\OneDrive\\Documents\\GitHub\\NpcDev\\NpcDev\\vendor\\laravel\\framework\\src\\Illuminate\\Database\\Eloquent\\Model.php(567): Illuminate\\Database\\Eloquent\\Builder->get()
#19 C:\\Users\\cells\\OneDrive\\Documents\\GitHub\\NpcDev\\NpcDev\\app\\Http\\Controllers\\CanteensController.php(22): Illuminate\\Database\\Eloquent\\Model::all()
#20 C:\\Users\\cells\\OneDrive\\Documents\\GitHub\\NpcDev\\NpcDev\\vendor\\laravel\\framework\\src\\Illuminate\\Routing\\Controller.php(54): App\\Http\\Controllers\\CanteensController->getCanteens()
#21 C:\\Users\\cells\\OneDrive\\Documents\\GitHub\\NpcDev\\NpcDev\\vendor\\laravel\\framework\\src\\Illuminate\\Routing\\ControllerDispatcher.php(45): Illuminate\\Routing\\Controller->callAction()
#22 C:\\Users\\cells\\OneDrive\\Documents\\GitHub\\NpcDev\\NpcDev\\vendor\\laravel\\framework\\src\\Illuminate\\Routing\\Route.php(261): Illuminate\\Routing\\ControllerDispatcher->dispatch()
#23 C:\\Users\\cells\\OneDrive\\Documents\\GitHub\\NpcDev\\NpcDev\\vendor\\laravel\\framework\\src\\Illuminate\\Routing\\Route.php(205): Illuminate\\Routing\\Route->runController()
#24 C:\\Users\\cells\\OneDrive\\Documents\\GitHub\\NpcDev\\NpcDev\\vendor\\laravel\\framework\\src\\Illuminate\\Routing\\Router.php(721): Illuminate\\Routing\\Route->run()
#25 C:\\Users\\cells\\OneDrive\\Documents\\GitHub\\NpcDev\\NpcDev\\vendor\\laravel\\framework\\src\\Illuminate\\Pipeline\\Pipeline.php(128): Illuminate\\Routing\\Router->Illuminate\\Routing\\{closure}()
#26 C:\\Users\\cells\\OneDrive\\Documents\\GitHub\\NpcDev\\NpcDev\\vendor\\laravel\\framework\\src\\Illuminate\\Routing\\Middleware\\SubstituteBindings.php(50): Illuminate\\Pipeline\\Pipeline->Illuminate\\Pipeline\\{closure}()
#27 C:\\Users\\cells\\OneDrive\\Documents\\GitHub\\NpcDev\\NpcDev\\vendor\\laravel\\framework\\src\\Illuminate\\Pipeline\\Pipeline.php(167): Illuminate\\Routing\\Middleware\\SubstituteBindings->handle()
#28 C:\\Users\\cells\\OneDrive\\Documents\\GitHub\\NpcDev\\NpcDev\\vendor\\laravel\\framework\\src\\Illuminate\\Foundation\\Http\\Middleware\\VerifyCsrfToken.php(78): Illuminate\\Pipeline\\Pipeline->Illuminate\\Pipeline\\{closure}()
#29 C:\\Users\\cells\\OneDrive\\Documents\\GitHub\\NpcDev\\NpcDev\\vendor\\laravel\\framework\\src\\Illuminate\\Pipeline\\Pipeline.php(167): Illuminate\\Foundation\\Http\\Middleware\\VerifyCsrfToken->handle()
#30 C:\\Users\\cells\\OneDrive\\Documents\\GitHub\\NpcDev\\NpcDev\\vendor\\laravel\\framework\\src\\Illuminate\\View\\Middleware\\ShareErrorsFromSession.php(49): Illuminate\\Pipeline\\Pipeline->Illuminate\\Pipeline\\{closure}()
#31 C:\\Users\\cells\\OneDrive\\Documents\\GitHub\\NpcDev\\NpcDev\\vendor\\laravel\\framework\\src\\Illuminate\\Pipeline\\Pipeline.php(167): Illuminate\\View\\Middleware\\ShareErrorsFromSession->handle()
#32 C:\\Users\\cells\\OneDrive\\Documents\\GitHub\\NpcDev\\NpcDev\\vendor\\laravel\\framework\\src\\Illuminate\\Session\\Middleware\\StartSession.php(121): Illuminate\\Pipeline\\Pipeline->Illuminate\\Pipeline\\{closure}()
#33 C:\\Users\\cells\\OneDrive\\Documents\\GitHub\\NpcDev\\NpcDev\\vendor\\laravel\\framework\\src\\Illuminate\\Session\\Middleware\\StartSession.php(64): Illuminate\\Session\\Middleware\\StartSession->handleStatefulRequest()
#34 C:\\Users\\cells\\OneDrive\\Documents\\GitHub\\NpcDev\\NpcDev\\vendor\\laravel\\framework\\src\\Illuminate\\Pipeline\\Pipeline.php(167): Illuminate\\Session\\Middleware\\StartSession->handle()
#35 C:\\Users\\cells\\OneDrive\\Documents\\GitHub\\NpcDev\\NpcDev\\vendor\\laravel\\framework\\src\\Illuminate\\Cookie\\Middleware\\AddQueuedCookiesToResponse.php(37): Illuminate\\Pipeline\\Pipeline->Illuminate\\Pipeline\\{closure}()
#36 C:\\Users\\cells\\OneDrive\\Documents\\GitHub\\NpcDev\\NpcDev\\vendor\\laravel\\framework\\src\\Illuminate\\Pipeline\\Pipeline.php(167): Illuminate\\Cookie\\Middleware\\AddQueuedCookiesToResponse->handle()
#37 C:\\Users\\cells\\OneDrive\\Documents\\GitHub\\NpcDev\\NpcDev\\vendor\\laravel\\framework\\src\\Illuminate\\Cookie\\Middleware\\EncryptCookies.php(67): Illuminate\\Pipeline\\Pipeline->Illuminate\\Pipeline\\{closure}()
#38 C:\\Users\\cells\\OneDrive\\Documents\\GitHub\\NpcDev\\NpcDev\\vendor\\laravel\\framework\\src\\Illuminate\\Pipeline\\Pipeline.php(167): Illuminate\\Cookie\\Middleware\\EncryptCookies->handle()
#39 C:\\Users\\cells\\OneDrive\\Documents\\GitHub\\NpcDev\\NpcDev\\vendor\\laravel\\framework\\src\\Illuminate\\Pipeline\\Pipeline.php(103): Illuminate\\Pipeline\\Pipeline->Illuminate\\Pipeline\\{closure}()
#40 C:\\Users\\cells\\OneDrive\\Documents\\GitHub\\NpcDev\\NpcDev\\vendor\\laravel\\framework\\src\\Illuminate\\Routing\\Router.php(719): Illuminate\\Pipeline\\Pipeline->then()
#41 C:\\Users\\cells\\OneDrive\\Documents\\GitHub\\NpcDev\\NpcDev\\vendor\\laravel\\framework\\src\\Illuminate\\Routing\\Router.php(698): Illuminate\\Routing\\Router->runRouteWithinStack()
#42 C:\\Users\\cells\\OneDrive\\Documents\\GitHub\\NpcDev\\NpcDev\\vendor\\laravel\\framework\\src\\Illuminate\\Routing\\Router.php(662): Illuminate\\Routing\\Router->runRoute()
#43 C:\\Users\\cells\\OneDrive\\Documents\\GitHub\\NpcDev\\NpcDev\\vendor\\laravel\\framework\\src\\Illuminate\\Routing\\Router.php(651): Illuminate\\Routing\\Router->dispatchToRoute()
#44 C:\\Users\\cells\\OneDrive\\Documents\\GitHub\\NpcDev\\NpcDev\\vendor\\laravel\\framework\\src\\Illuminate\\Foundation\\Http\\Kernel.php(167): Illuminate\\Routing\\Router->dispatch()
#45 C:\\Users\\cells\\OneDrive\\Documents\\GitHub\\NpcDev\\NpcDev\\vendor\\laravel\\framework\\src\\Illuminate\\Pipeline\\Pipeline.php(128): Illuminate\\Foundation\\Http\\Kernel->Illuminate\\Foundation\\Http\\{closure}()
#46 C:\\Users\\cells\\OneDrive\\Documents\\GitHub\\NpcDev\\NpcDev\\vendor\\laravel\\framework\\src\\Illuminate\\Foundation\\Http\\Middleware\\TransformsRequest.php(21): Illuminate\\Pipeline\\Pipeline->Illuminate\\Pipeline\\{closure}()
#47 C:\\Users\\cells\\OneDrive\\Documents\\GitHub\\NpcDev\\NpcDev\\vendor\\laravel\\framework\\src\\Illuminate\\Foundation\\Http\\Middleware\\ConvertEmptyStringsToNull.php(31): Illuminate\\Foundation\\Http\\Middleware\\TransformsRequest->handle()
#48 C:\\Users\\cells\\OneDrive\\Documents\\GitHub\\NpcDev\\NpcDev\\vendor\\laravel\\framework\\src\\Illuminate\\Pipeline\\Pipeline.php(167): Illuminate\\Foundation\\Http\\Middleware\\ConvertEmptyStringsToNull->handle()
#49 C:\\Users\\cells\\OneDrive\\Documents\\GitHub\\NpcDev\\NpcDev\\vendor\\laravel\\framework\\src\\Illuminate\\Foundation\\Http\\Middleware\\TransformsRequest.php(21): Illuminate\\Pipeline\\Pipeline->Illuminate\\Pipeline\\{closure}()
#50 C:\\Users\\cells\\OneDrive\\Documents\\GitHub\\NpcDev\\NpcDev\\vendor\\laravel\\framework\\src\\Illuminate\\Foundation\\Http\\Middleware\\TrimStrings.php(40): Illuminate\\Foundation\\Http\\Middleware\\TransformsRequest->handle()
#51 C:\\Users\\cells\\OneDrive\\Documents\\GitHub\\NpcDev\\NpcDev\\vendor\\laravel\\framework\\src\\Illuminate\\Pipeline\\Pipeline.php(167): Illuminate\\Foundation\\Http\\Middleware\\TrimStrings->handle()
#52 C:\\Users\\cells\\OneDrive\\Documents\\GitHub\\NpcDev\\NpcDev\\vendor\\laravel\\framework\\src\\Illuminate\\Foundation\\Http\\Middleware\\ValidatePostSize.php(27): Illuminate\\Pipeline\\Pipeline->Illuminate\\Pipeline\\{closure}()
#53 C:\\Users\\cells\\OneDrive\\Documents\\GitHub\\NpcDev\\NpcDev\\vendor\\laravel\\framework\\src\\Illuminate\\Pipeline\\Pipeline.php(167): Illuminate\\Foundation\\Http\\Middleware\\ValidatePostSize->handle()
#54 C:\\Users\\cells\\OneDrive\\Documents\\GitHub\\NpcDev\\NpcDev\\vendor\\laravel\\framework\\src\\Illuminate\\Foundation\\Http\\Middleware\\PreventRequestsDuringMaintenance.php(86): Illuminate\\Pipeline\\Pipeline->Illuminate\\Pipeline\\{closure}()
#55 C:\\Users\\cells\\OneDrive\\Documents\\GitHub\\NpcDev\\NpcDev\\vendor\\laravel\\framework\\src\\Illuminate\\Pipeline\\Pipeline.php(167): Illuminate\\Foundation\\Http\\Middleware\\PreventRequestsDuringMaintenance->handle()
#56 C:\\Users\\cells\\OneDrive\\Documents\\GitHub\\NpcDev\\NpcDev\\vendor\\fruitcake\\laravel-cors\\src\\HandleCors.php(38): Illuminate\\Pipeline\\Pipeline->Illuminate\\Pipeline\\{closure}()
#57 C:\\Users\\cells\\OneDrive\\Documents\\GitHub\\NpcDev\\NpcDev\\vendor\\laravel\\framework\\src\\Illuminate\\Pipeline\\Pipeline.php(167): Fruitcake\\Cors\\HandleCors->handle()
#58 C:\\Users\\cells\\OneDrive\\Documents\\GitHub\\NpcDev\\NpcDev\\vendor\\laravel\\framework\\src\\Illuminate\\Http\\Middleware\\TrustProxies.php(39): Illuminate\\Pipeline\\Pipeline->Illuminate\\Pipeline\\{closure}()
#59 C:\\Users\\cells\\OneDrive\\Documents\\GitHub\\NpcDev\\NpcDev\\vendor\\laravel\\framework\\src\\Illuminate\\Pipeline\\Pipeline.php(167): Illuminate\\Http\\Middleware\\TrustProxies->handle()
#60 C:\\Users\\cells\\OneDrive\\Documents\\GitHub\\NpcDev\\NpcDev\\vendor\\laravel\\framework\\src\\Illuminate\\Pipeline\\Pipeline.php(103): Illuminate\\Pipeline\\Pipeline->Illuminate\\Pipeline\\{closure}()
#61 C:\\Users\\cells\\OneDrive\\Documents\\GitHub\\NpcDev\\NpcDev\\vendor\\laravel\\framework\\src\\Illuminate\\Foundation\\Http\\Kernel.php(142): Illuminate\\Pipeline\\Pipeline->then()
#62 C:\\Users\\cells\\OneDrive\\Documents\\GitHub\\NpcDev\\NpcDev\\vendor\\laravel\\framework\\src\\Illuminate\\Foundation\\Http\\Kernel.php(111): Illuminate\\Foundation\\Http\\Kernel->sendRequestThroughRouter()
#63 C:\\Users\\cells\\OneDrive\\Documents\\GitHub\\NpcDev\\NpcDev\\public\\index.php(51): Illuminate\\Foundation\\Http\\Kernel->handle()
#64 C:\\Users\\cells\\OneDrive\\Documents\\GitHub\\NpcDev\\NpcDev\\server.php(21): require_once('...')
#65 {main}
"} 
[2023-07-05 11:32:19] local.ERROR: SQLSTATE[HY000] [2002] No connection could be made because the target machine actively refused it (SQL: select * from `canteens`) {"exception":"[object] (Illuminate\\Database\\QueryException(code: 2002): SQLSTATE[HY000] [2002] No connection could be made because the target machine actively refused it (SQL: select * from `canteens`) at C:\\Users\\cells\\OneDrive\\Documents\\GitHub\\NpcDev\\NpcDev\\vendor\\laravel\\framework\\src\\Illuminate\\Database\\Connection.php:712)
[stacktrace]
#0 C:\\Users\\cells\\OneDrive\\Documents\\GitHub\\NpcDev\\NpcDev\\vendor\\laravel\\framework\\src\\Illuminate\\Database\\Connection.php(672): Illuminate\\Database\\Connection->runQueryCallback()
#1 C:\\Users\\cells\\OneDrive\\Documents\\GitHub\\NpcDev\\NpcDev\\vendor\\laravel\\framework\\src\\Illuminate\\Database\\Connection.php(359): Illuminate\\Database\\Connection->run()
#2 C:\\Users\\cells\\OneDrive\\Documents\\GitHub\\NpcDev\\NpcDev\\vendor\\laravel\\framework\\src\\Illuminate\\Database\\Query\\Builder.php(2413): Illuminate\\Database\\Connection->select()
#3 C:\\Users\\cells\\OneDrive\\Documents\\GitHub\\NpcDev\\NpcDev\\vendor\\laravel\\framework\\src\\Illuminate\\Database\\Query\\Builder.php(2402): Illuminate\\Database\\Query\\Builder->runSelect()
#4 C:\\Users\\cells\\OneDrive\\Documents\\GitHub\\NpcDev\\NpcDev\\vendor\\laravel\\framework\\src\\Illuminate\\Database\\Query\\Builder.php(2936): Illuminate\\Database\\Query\\Builder->Illuminate\\Database\\Query\\{closure}()
#5 C:\\Users\\cells\\OneDrive\\Documents\\GitHub\\NpcDev\\NpcDev\\vendor\\laravel\\framework\\src\\Illuminate\\Database\\Query\\Builder.php(2401): Illuminate\\Database\\Query\\Builder->onceWithColumns()
#6 C:\\Users\\cells\\OneDrive\\Documents\\GitHub\\NpcDev\\NpcDev\\vendor\\laravel\\framework\\src\\Illuminate\\Database\\Eloquent\\Builder.php(625): Illuminate\\Database\\Query\\Builder->get()
#7 C:\\Users\\cells\\OneDrive\\Documents\\GitHub\\NpcDev\\NpcDev\\vendor\\laravel\\framework\\src\\Illuminate\\Database\\Eloquent\\Builder.php(609): Illuminate\\Database\\Eloquent\\Builder->getModels()
#8 C:\\Users\\cells\\OneDrive\\Documents\\GitHub\\NpcDev\\NpcDev\\vendor\\laravel\\framework\\src\\Illuminate\\Database\\Eloquent\\Model.php(567): Illuminate\\Database\\Eloquent\\Builder->get()
#9 C:\\Users\\cells\\OneDrive\\Documents\\GitHub\\NpcDev\\NpcDev\\app\\Http\\Controllers\\CanteensController.php(22): Illuminate\\Database\\Eloquent\\Model::all()
#10 C:\\Users\\cells\\OneDrive\\Documents\\GitHub\\NpcDev\\NpcDev\\vendor\\laravel\\framework\\src\\Illuminate\\Routing\\Controller.php(54): App\\Http\\Controllers\\CanteensController->getCanteens()
#11 C:\\Users\\cells\\OneDrive\\Documents\\GitHub\\NpcDev\\NpcDev\\vendor\\laravel\\framework\\src\\Illuminate\\Routing\\ControllerDispatcher.php(45): Illuminate\\Routing\\Controller->callAction()
#12 C:\\Users\\cells\\OneDrive\\Documents\\GitHub\\NpcDev\\NpcDev\\vendor\\laravel\\framework\\src\\Illuminate\\Routing\\Route.php(261): Illuminate\\Routing\\ControllerDispatcher->dispatch()
#13 C:\\Users\\cells\\OneDrive\\Documents\\GitHub\\NpcDev\\NpcDev\\vendor\\laravel\\framework\\src\\Illuminate\\Routing\\Route.php(205): Illuminate\\Routing\\Route->runController()
#14 C:\\Users\\cells\\OneDrive\\Documents\\GitHub\\NpcDev\\NpcDev\\vendor\\laravel\\framework\\src\\Illuminate\\Routing\\Router.php(721): Illuminate\\Routing\\Route->run()
#15 C:\\Users\\cells\\OneDrive\\Documents\\GitHub\\NpcDev\\NpcDev\\vendor\\laravel\\framework\\src\\Illuminate\\Pipeline\\Pipeline.php(128): Illuminate\\Routing\\Router->Illuminate\\Routing\\{closure}()
#16 C:\\Users\\cells\\OneDrive\\Documents\\GitHub\\NpcDev\\NpcDev\\vendor\\laravel\\framework\\src\\Illuminate\\Routing\\Middleware\\SubstituteBindings.php(50): Illuminate\\Pipeline\\Pipeline->Illuminate\\Pipeline\\{closure}()
#17 C:\\Users\\cells\\OneDrive\\Documents\\GitHub\\NpcDev\\NpcDev\\vendor\\laravel\\framework\\src\\Illuminate\\Pipeline\\Pipeline.php(167): Illuminate\\Routing\\Middleware\\SubstituteBindings->handle()
#18 C:\\Users\\cells\\OneDrive\\Documents\\GitHub\\NpcDev\\NpcDev\\vendor\\laravel\\framework\\src\\Illuminate\\Foundation\\Http\\Middleware\\VerifyCsrfToken.php(78): Illuminate\\Pipeline\\Pipeline->Illuminate\\Pipeline\\{closure}()
#19 C:\\Users\\cells\\OneDrive\\Documents\\GitHub\\NpcDev\\NpcDev\\vendor\\laravel\\framework\\src\\Illuminate\\Pipeline\\Pipeline.php(167): Illuminate\\Foundation\\Http\\Middleware\\VerifyCsrfToken->handle()
#20 C:\\Users\\cells\\OneDrive\\Documents\\GitHub\\NpcDev\\NpcDev\\vendor\\laravel\\framework\\src\\Illuminate\\View\\Middleware\\ShareErrorsFromSession.php(49): Illuminate\\Pipeline\\Pipeline->Illuminate\\Pipeline\\{closure}()
#21 C:\\Users\\cells\\OneDrive\\Documents\\GitHub\\NpcDev\\NpcDev\\vendor\\laravel\\framework\\src\\Illuminate\\Pipeline\\Pipeline.php(167): Illuminate\\View\\Middleware\\ShareErrorsFromSession->handle()
#22 C:\\Users\\cells\\OneDrive\\Documents\\GitHub\\NpcDev\\NpcDev\\vendor\\laravel\\framework\\src\\Illuminate\\Session\\Middleware\\StartSession.php(121): Illuminate\\Pipeline\\Pipeline->Illuminate\\Pipeline\\{closure}()
#23 C:\\Users\\cells\\OneDrive\\Documents\\GitHub\\NpcDev\\NpcDev\\vendor\\laravel\\framework\\src\\Illuminate\\Session\\Middleware\\StartSession.php(64): Illuminate\\Session\\Middleware\\StartSession->handleStatefulRequest()
#24 C:\\Users\\cells\\OneDrive\\Documents\\GitHub\\NpcDev\\NpcDev\\vendor\\laravel\\framework\\src\\Illuminate\\Pipeline\\Pipeline.php(167): Illuminate\\Session\\Middleware\\StartSession->handle()
#25 C:\\Users\\cells\\OneDrive\\Documents\\GitHub\\NpcDev\\NpcDev\\vendor\\laravel\\framework\\src\\Illuminate\\Cookie\\Middleware\\AddQueuedCookiesToResponse.php(37): Illuminate\\Pipeline\\Pipeline->Illuminate\\Pipeline\\{closure}()
#26 C:\\Users\\cells\\OneDrive\\Documents\\GitHub\\NpcDev\\NpcDev\\vendor\\laravel\\framework\\src\\Illuminate\\Pipeline\\Pipeline.php(167): Illuminate\\Cookie\\Middleware\\AddQueuedCookiesToResponse->handle()
#27 C:\\Users\\cells\\OneDrive\\Documents\\GitHub\\NpcDev\\NpcDev\\vendor\\laravel\\framework\\src\\Illuminate\\Cookie\\Middleware\\EncryptCookies.php(67): Illuminate\\Pipeline\\Pipeline->Illuminate\\Pipeline\\{closure}()
#28 C:\\Users\\cells\\OneDrive\\Documents\\GitHub\\NpcDev\\NpcDev\\vendor\\laravel\\framework\\src\\Illuminate\\Pipeline\\Pipeline.php(167): Illuminate\\Cookie\\Middleware\\EncryptCookies->handle()
#29 C:\\Users\\cells\\OneDrive\\Documents\\GitHub\\NpcDev\\NpcDev\\vendor\\laravel\\framework\\src\\Illuminate\\Pipeline\\Pipeline.php(103): Illuminate\\Pipeline\\Pipeline->Illuminate\\Pipeline\\{closure}()
#30 C:\\Users\\cells\\OneDrive\\Documents\\GitHub\\NpcDev\\NpcDev\\vendor\\laravel\\framework\\src\\Illuminate\\Routing\\Router.php(719): Illuminate\\Pipeline\\Pipeline->then()
#31 C:\\Users\\cells\\OneDrive\\Documents\\GitHub\\NpcDev\\NpcDev\\vendor\\laravel\\framework\\src\\Illuminate\\Routing\\Router.php(698): Illuminate\\Routing\\Router->runRouteWithinStack()
#32 C:\\Users\\cells\\OneDrive\\Documents\\GitHub\\NpcDev\\NpcDev\\vendor\\laravel\\framework\\src\\Illuminate\\Routing\\Router.php(662): Illuminate\\Routing\\Router->runRoute()
#33 C:\\Users\\cells\\OneDrive\\Documents\\GitHub\\NpcDev\\NpcDev\\vendor\\laravel\\framework\\src\\Illuminate\\Routing\\Router.php(651): Illuminate\\Routing\\Router->dispatchToRoute()
#34 C:\\Users\\cells\\OneDrive\\Documents\\GitHub\\NpcDev\\NpcDev\\vendor\\laravel\\framework\\src\\Illuminate\\Foundation\\Http\\Kernel.php(167): Illuminate\\Routing\\Router->dispatch()
#35 C:\\Users\\cells\\OneDrive\\Documents\\GitHub\\NpcDev\\NpcDev\\vendor\\laravel\\framework\\src\\Illuminate\\Pipeline\\Pipeline.php(128): Illuminate\\Foundation\\Http\\Kernel->Illuminate\\Foundation\\Http\\{closure}()
#36 C:\\Users\\cells\\OneDrive\\Documents\\GitHub\\NpcDev\\NpcDev\\vendor\\laravel\\framework\\src\\Illuminate\\Foundation\\Http\\Middleware\\TransformsRequest.php(21): Illuminate\\Pipeline\\Pipeline->Illuminate\\Pipeline\\{closure}()
#37 C:\\Users\\cells\\OneDrive\\Documents\\GitHub\\NpcDev\\NpcDev\\vendor\\laravel\\framework\\src\\Illuminate\\Foundation\\Http\\Middleware\\ConvertEmptyStringsToNull.php(31): Illuminate\\Foundation\\Http\\Middleware\\TransformsRequest->handle()
#38 C:\\Users\\cells\\OneDrive\\Documents\\GitHub\\NpcDev\\NpcDev\\vendor\\laravel\\framework\\src\\Illuminate\\Pipeline\\Pipeline.php(167): Illuminate\\Foundation\\Http\\Middleware\\ConvertEmptyStringsToNull->handle()
#39 C:\\Users\\cells\\OneDrive\\Documents\\GitHub\\NpcDev\\NpcDev\\vendor\\laravel\\framework\\src\\Illuminate\\Foundation\\Http\\Middleware\\TransformsRequest.php(21): Illuminate\\Pipeline\\Pipeline->Illuminate\\Pipeline\\{closure}()
#40 C:\\Users\\cells\\OneDrive\\Documents\\GitHub\\NpcDev\\NpcDev\\vendor\\laravel\\framework\\src\\Illuminate\\Foundation\\Http\\Middleware\\TrimStrings.php(40): Illuminate\\Foundation\\Http\\Middleware\\TransformsRequest->handle()
#41 C:\\Users\\cells\\OneDrive\\Documents\\GitHub\\NpcDev\\NpcDev\\vendor\\laravel\\framework\\src\\Illuminate\\Pipeline\\Pipeline.php(167): Illuminate\\Foundation\\Http\\Middleware\\TrimStrings->handle()
#42 C:\\Users\\cells\\OneDrive\\Documents\\GitHub\\NpcDev\\NpcDev\\vendor\\laravel\\framework\\src\\Illuminate\\Foundation\\Http\\Middleware\\ValidatePostSize.php(27): Illuminate\\Pipeline\\Pipeline->Illuminate\\Pipeline\\{closure}()
#43 C:\\Users\\cells\\OneDrive\\Documents\\GitHub\\NpcDev\\NpcDev\\vendor\\laravel\\framework\\src\\Illuminate\\Pipeline\\Pipeline.php(167): Illuminate\\Foundation\\Http\\Middleware\\ValidatePostSize->handle()
#44 C:\\Users\\cells\\OneDrive\\Documents\\GitHub\\NpcDev\\NpcDev\\vendor\\laravel\\framework\\src\\Illuminate\\Foundation\\Http\\Middleware\\PreventRequestsDuringMaintenance.php(86): Illuminate\\Pipeline\\Pipeline->Illuminate\\Pipeline\\{closure}()
#45 C:\\Users\\cells\\OneDrive\\Documents\\GitHub\\NpcDev\\NpcDev\\vendor\\laravel\\framework\\src\\Illuminate\\Pipeline\\Pipeline.php(167): Illuminate\\Foundation\\Http\\Middleware\\PreventRequestsDuringMaintenance->handle()
#46 C:\\Users\\cells\\OneDrive\\Documents\\GitHub\\NpcDev\\NpcDev\\vendor\\fruitcake\\laravel-cors\\src\\HandleCors.php(38): Illuminate\\Pipeline\\Pipeline->Illuminate\\Pipeline\\{closure}()
#47 C:\\Users\\cells\\OneDrive\\Documents\\GitHub\\NpcDev\\NpcDev\\vendor\\laravel\\framework\\src\\Illuminate\\Pipeline\\Pipeline.php(167): Fruitcake\\Cors\\HandleCors->handle()
#48 C:\\Users\\cells\\OneDrive\\Documents\\GitHub\\NpcDev\\NpcDev\\vendor\\laravel\\framework\\src\\Illuminate\\Http\\Middleware\\TrustProxies.php(39): Illuminate\\Pipeline\\Pipeline->Illuminate\\Pipeline\\{closure}()
#49 C:\\Users\\cells\\OneDrive\\Documents\\GitHub\\NpcDev\\NpcDev\\vendor\\laravel\\framework\\src\\Illuminate\\Pipeline\\Pipeline.php(167): Illuminate\\Http\\Middleware\\TrustProxies->handle()
#50 C:\\Users\\cells\\OneDrive\\Documents\\GitHub\\NpcDev\\NpcDev\\vendor\\laravel\\framework\\src\\Illuminate\\Pipeline\\Pipeline.php(103): Illuminate\\Pipeline\\Pipeline->Illuminate\\Pipeline\\{closure}()
#51 C:\\Users\\cells\\OneDrive\\Documents\\GitHub\\NpcDev\\NpcDev\\vendor\\laravel\\framework\\src\\Illuminate\\Foundation\\Http\\Kernel.php(142): Illuminate\\Pipeline\\Pipeline->then()
#52 C:\\Users\\cells\\OneDrive\\Documents\\GitHub\\NpcDev\\NpcDev\\vendor\\laravel\\framework\\src\\Illuminate\\Foundation\\Http\\Kernel.php(111): Illuminate\\Foundation\\Http\\Kernel->sendRequestThroughRouter()
#53 C:\\Users\\cells\\OneDrive\\Documents\\GitHub\\NpcDev\\NpcDev\\public\\index.php(51): Illuminate\\Foundation\\Http\\Kernel->handle()
#54 C:\\Users\\cells\\OneDrive\\Documents\\GitHub\\NpcDev\\NpcDev\\server.php(21): require_once('...')
#55 {main}

[previous exception] [object] (PDOException(code: 2002): SQLSTATE[HY000] [2002] No connection could be made because the target machine actively refused it at C:\\Users\\cells\\OneDrive\\Documents\\GitHub\\NpcDev\\NpcDev\\vendor\\laravel\\framework\\src\\Illuminate\\Database\\Connectors\\Connector.php:70)
[stacktrace]
#0 C:\\Users\\cells\\OneDrive\\Documents\\GitHub\\NpcDev\\NpcDev\\vendor\\laravel\\framework\\src\\Illuminate\\Database\\Connectors\\Connector.php(70): PDO->__construct()
#1 C:\\Users\\cells\\OneDrive\\Documents\\GitHub\\NpcDev\\NpcDev\\vendor\\laravel\\framework\\src\\Illuminate\\Database\\Connectors\\Connector.php(45): Illuminate\\Database\\Connectors\\Connector->createPdoConnection()
#2 C:\\Users\\cells\\OneDrive\\Documents\\GitHub\\NpcDev\\NpcDev\\vendor\\laravel\\framework\\src\\Illuminate\\Database\\Connectors\\MySqlConnector.php(24): Illuminate\\Database\\Connectors\\Connector->createConnection()
#3 C:\\Users\\cells\\OneDrive\\Documents\\GitHub\\NpcDev\\NpcDev\\vendor\\laravel\\framework\\src\\Illuminate\\Database\\Connectors\\ConnectionFactory.php(184): Illuminate\\Database\\Connectors\\MySqlConnector->connect()
#4 [internal function]: Illuminate\\Database\\Connectors\\ConnectionFactory->Illuminate\\Database\\Connectors\\{closure}()
#5 C:\\Users\\cells\\OneDrive\\Documents\\GitHub\\NpcDev\\NpcDev\\vendor\\laravel\\framework\\src\\Illuminate\\Database\\Connection.php(1064): call_user_func()
#6 C:\\Users\\cells\\OneDrive\\Documents\\GitHub\\NpcDev\\NpcDev\\vendor\\laravel\\framework\\src\\Illuminate\\Database\\Connection.php(1100): Illuminate\\Database\\Connection->getPdo()
#7 C:\\Users\\cells\\OneDrive\\Documents\\GitHub\\NpcDev\\NpcDev\\vendor\\laravel\\framework\\src\\Illuminate\\Database\\Connection.php(442): Illuminate\\Database\\Connection->getReadPdo()
#8 C:\\Users\\cells\\OneDrive\\Documents\\GitHub\\NpcDev\\NpcDev\\vendor\\laravel\\framework\\src\\Illuminate\\Database\\Connection.php(368): Illuminate\\Database\\Connection->getPdoForSelect()
#9 C:\\Users\\cells\\OneDrive\\Documents\\GitHub\\NpcDev\\NpcDev\\vendor\\laravel\\framework\\src\\Illuminate\\Database\\Connection.php(705): Illuminate\\Database\\Connection->Illuminate\\Database\\{closure}()
#10 C:\\Users\\cells\\OneDrive\\Documents\\GitHub\\NpcDev\\NpcDev\\vendor\\laravel\\framework\\src\\Illuminate\\Database\\Connection.php(672): Illuminate\\Database\\Connection->runQueryCallback()
#11 C:\\Users\\cells\\OneDrive\\Documents\\GitHub\\NpcDev\\NpcDev\\vendor\\laravel\\framework\\src\\Illuminate\\Database\\Connection.php(359): Illuminate\\Database\\Connection->run()
#12 C:\\Users\\cells\\OneDrive\\Documents\\GitHub\\NpcDev\\NpcDev\\vendor\\laravel\\framework\\src\\Illuminate\\Database\\Query\\Builder.php(2413): Illuminate\\Database\\Connection->select()
#13 C:\\Users\\cells\\OneDrive\\Documents\\GitHub\\NpcDev\\NpcDev\\vendor\\laravel\\framework\\src\\Illuminate\\Database\\Query\\Builder.php(2402): Illuminate\\Database\\Query\\Builder->runSelect()
#14 C:\\Users\\cells\\OneDrive\\Documents\\GitHub\\NpcDev\\NpcDev\\vendor\\laravel\\framework\\src\\Illuminate\\Database\\Query\\Builder.php(2936): Illuminate\\Database\\Query\\Builder->Illuminate\\Database\\Query\\{closure}()
#15 C:\\Users\\cells\\OneDrive\\Documents\\GitHub\\NpcDev\\NpcDev\\vendor\\laravel\\framework\\src\\Illuminate\\Database\\Query\\Builder.php(2401): Illuminate\\Database\\Query\\Builder->onceWithColumns()
#16 C:\\Users\\cells\\OneDrive\\Documents\\GitHub\\NpcDev\\NpcDev\\vendor\\laravel\\framework\\src\\Illuminate\\Database\\Eloquent\\Builder.php(625): Illuminate\\Database\\Query\\Builder->get()
#17 C:\\Users\\cells\\OneDrive\\Documents\\GitHub\\NpcDev\\NpcDev\\vendor\\laravel\\framework\\src\\Illuminate\\Database\\Eloquent\\Builder.php(609): Illuminate\\Database\\Eloquent\\Builder->getModels()
#18 C:\\Users\\cells\\OneDrive\\Documents\\GitHub\\NpcDev\\NpcDev\\vendor\\laravel\\framework\\src\\Illuminate\\Database\\Eloquent\\Model.php(567): Illuminate\\Database\\Eloquent\\Builder->get()
#19 C:\\Users\\cells\\OneDrive\\Documents\\GitHub\\NpcDev\\NpcDev\\app\\Http\\Controllers\\CanteensController.php(22): Illuminate\\Database\\Eloquent\\Model::all()
#20 C:\\Users\\cells\\OneDrive\\Documents\\GitHub\\NpcDev\\NpcDev\\vendor\\laravel\\framework\\src\\Illuminate\\Routing\\Controller.php(54): App\\Http\\Controllers\\CanteensController->getCanteens()
#21 C:\\Users\\cells\\OneDrive\\Documents\\GitHub\\NpcDev\\NpcDev\\vendor\\laravel\\framework\\src\\Illuminate\\Routing\\ControllerDispatcher.php(45): Illuminate\\Routing\\Controller->callAction()
#22 C:\\Users\\cells\\OneDrive\\Documents\\GitHub\\NpcDev\\NpcDev\\vendor\\laravel\\framework\\src\\Illuminate\\Routing\\Route.php(261): Illuminate\\Routing\\ControllerDispatcher->dispatch()
#23 C:\\Users\\cells\\OneDrive\\Documents\\GitHub\\NpcDev\\NpcDev\\vendor\\laravel\\framework\\src\\Illuminate\\Routing\\Route.php(205): Illuminate\\Routing\\Route->runController()
#24 C:\\Users\\cells\\OneDrive\\Documents\\GitHub\\NpcDev\\NpcDev\\vendor\\laravel\\framework\\src\\Illuminate\\Routing\\Router.php(721): Illuminate\\Routing\\Route->run()
#25 C:\\Users\\cells\\OneDrive\\Documents\\GitHub\\NpcDev\\NpcDev\\vendor\\laravel\\framework\\src\\Illuminate\\Pipeline\\Pipeline.php(128): Illuminate\\Routing\\Router->Illuminate\\Routing\\{closure}()
#26 C:\\Users\\cells\\OneDrive\\Documents\\GitHub\\NpcDev\\NpcDev\\vendor\\laravel\\framework\\src\\Illuminate\\Routing\\Middleware\\SubstituteBindings.php(50): Illuminate\\Pipeline\\Pipeline->Illuminate\\Pipeline\\{closure}()
#27 C:\\Users\\cells\\OneDrive\\Documents\\GitHub\\NpcDev\\NpcDev\\vendor\\laravel\\framework\\src\\Illuminate\\Pipeline\\Pipeline.php(167): Illuminate\\Routing\\Middleware\\SubstituteBindings->handle()
#28 C:\\Users\\cells\\OneDrive\\Documents\\GitHub\\NpcDev\\NpcDev\\vendor\\laravel\\framework\\src\\Illuminate\\Foundation\\Http\\Middleware\\VerifyCsrfToken.php(78): Illuminate\\Pipeline\\Pipeline->Illuminate\\Pipeline\\{closure}()
#29 C:\\Users\\cells\\OneDrive\\Documents\\GitHub\\NpcDev\\NpcDev\\vendor\\laravel\\framework\\src\\Illuminate\\Pipeline\\Pipeline.php(167): Illuminate\\Foundation\\Http\\Middleware\\VerifyCsrfToken->handle()
#30 C:\\Users\\cells\\OneDrive\\Documents\\GitHub\\NpcDev\\NpcDev\\vendor\\laravel\\framework\\src\\Illuminate\\View\\Middleware\\ShareErrorsFromSession.php(49): Illuminate\\Pipeline\\Pipeline->Illuminate\\Pipeline\\{closure}()
#31 C:\\Users\\cells\\OneDrive\\Documents\\GitHub\\NpcDev\\NpcDev\\vendor\\laravel\\framework\\src\\Illuminate\\Pipeline\\Pipeline.php(167): Illuminate\\View\\Middleware\\ShareErrorsFromSession->handle()
#32 C:\\Users\\cells\\OneDrive\\Documents\\GitHub\\NpcDev\\NpcDev\\vendor\\laravel\\framework\\src\\Illuminate\\Session\\Middleware\\StartSession.php(121): Illuminate\\Pipeline\\Pipeline->Illuminate\\Pipeline\\{closure}()
#33 C:\\Users\\cells\\OneDrive\\Documents\\GitHub\\NpcDev\\NpcDev\\vendor\\laravel\\framework\\src\\Illuminate\\Session\\Middleware\\StartSession.php(64): Illuminate\\Session\\Middleware\\StartSession->handleStatefulRequest()
#34 C:\\Users\\cells\\OneDrive\\Documents\\GitHub\\NpcDev\\NpcDev\\vendor\\laravel\\framework\\src\\Illuminate\\Pipeline\\Pipeline.php(167): Illuminate\\Session\\Middleware\\StartSession->handle()
#35 C:\\Users\\cells\\OneDrive\\Documents\\GitHub\\NpcDev\\NpcDev\\vendor\\laravel\\framework\\src\\Illuminate\\Cookie\\Middleware\\AddQueuedCookiesToResponse.php(37): Illuminate\\Pipeline\\Pipeline->Illuminate\\Pipeline\\{closure}()
#36 C:\\Users\\cells\\OneDrive\\Documents\\GitHub\\NpcDev\\NpcDev\\vendor\\laravel\\framework\\src\\Illuminate\\Pipeline\\Pipeline.php(167): Illuminate\\Cookie\\Middleware\\AddQueuedCookiesToResponse->handle()
#37 C:\\Users\\cells\\OneDrive\\Documents\\GitHub\\NpcDev\\NpcDev\\vendor\\laravel\\framework\\src\\Illuminate\\Cookie\\Middleware\\EncryptCookies.php(67): Illuminate\\Pipeline\\Pipeline->Illuminate\\Pipeline\\{closure}()
#38 C:\\Users\\cells\\OneDrive\\Documents\\GitHub\\NpcDev\\NpcDev\\vendor\\laravel\\framework\\src\\Illuminate\\Pipeline\\Pipeline.php(167): Illuminate\\Cookie\\Middleware\\EncryptCookies->handle()
#39 C:\\Users\\cells\\OneDrive\\Documents\\GitHub\\NpcDev\\NpcDev\\vendor\\laravel\\framework\\src\\Illuminate\\Pipeline\\Pipeline.php(103): Illuminate\\Pipeline\\Pipeline->Illuminate\\Pipeline\\{closure}()
#40 C:\\Users\\cells\\OneDrive\\Documents\\GitHub\\NpcDev\\NpcDev\\vendor\\laravel\\framework\\src\\Illuminate\\Routing\\Router.php(719): Illuminate\\Pipeline\\Pipeline->then()
#41 C:\\Users\\cells\\OneDrive\\Documents\\GitHub\\NpcDev\\NpcDev\\vendor\\laravel\\framework\\src\\Illuminate\\Routing\\Router.php(698): Illuminate\\Routing\\Router->runRouteWithinStack()
#42 C:\\Users\\cells\\OneDrive\\Documents\\GitHub\\NpcDev\\NpcDev\\vendor\\laravel\\framework\\src\\Illuminate\\Routing\\Router.php(662): Illuminate\\Routing\\Router->runRoute()
#43 C:\\Users\\cells\\OneDrive\\Documents\\GitHub\\NpcDev\\NpcDev\\vendor\\laravel\\framework\\src\\Illuminate\\Routing\\Router.php(651): Illuminate\\Routing\\Router->dispatchToRoute()
#44 C:\\Users\\cells\\OneDrive\\Documents\\GitHub\\NpcDev\\NpcDev\\vendor\\laravel\\framework\\src\\Illuminate\\Foundation\\Http\\Kernel.php(167): Illuminate\\Routing\\Router->dispatch()
#45 C:\\Users\\cells\\OneDrive\\Documents\\GitHub\\NpcDev\\NpcDev\\vendor\\laravel\\framework\\src\\Illuminate\\Pipeline\\Pipeline.php(128): Illuminate\\Foundation\\Http\\Kernel->Illuminate\\Foundation\\Http\\{closure}()
#46 C:\\Users\\cells\\OneDrive\\Documents\\GitHub\\NpcDev\\NpcDev\\vendor\\laravel\\framework\\src\\Illuminate\\Foundation\\Http\\Middleware\\TransformsRequest.php(21): Illuminate\\Pipeline\\Pipeline->Illuminate\\Pipeline\\{closure}()
#47 C:\\Users\\cells\\OneDrive\\Documents\\GitHub\\NpcDev\\NpcDev\\vendor\\laravel\\framework\\src\\Illuminate\\Foundation\\Http\\Middleware\\ConvertEmptyStringsToNull.php(31): Illuminate\\Foundation\\Http\\Middleware\\TransformsRequest->handle()
#48 C:\\Users\\cells\\OneDrive\\Documents\\GitHub\\NpcDev\\NpcDev\\vendor\\laravel\\framework\\src\\Illuminate\\Pipeline\\Pipeline.php(167): Illuminate\\Foundation\\Http\\Middleware\\ConvertEmptyStringsToNull->handle()
#49 C:\\Users\\cells\\OneDrive\\Documents\\GitHub\\NpcDev\\NpcDev\\vendor\\laravel\\framework\\src\\Illuminate\\Foundation\\Http\\Middleware\\TransformsRequest.php(21): Illuminate\\Pipeline\\Pipeline->Illuminate\\Pipeline\\{closure}()
#50 C:\\Users\\cells\\OneDrive\\Documents\\GitHub\\NpcDev\\NpcDev\\vendor\\laravel\\framework\\src\\Illuminate\\Foundation\\Http\\Middleware\\TrimStrings.php(40): Illuminate\\Foundation\\Http\\Middleware\\TransformsRequest->handle()
#51 C:\\Users\\cells\\OneDrive\\Documents\\GitHub\\NpcDev\\NpcDev\\vendor\\laravel\\framework\\src\\Illuminate\\Pipeline\\Pipeline.php(167): Illuminate\\Foundation\\Http\\Middleware\\TrimStrings->handle()
#52 C:\\Users\\cells\\OneDrive\\Documents\\GitHub\\NpcDev\\NpcDev\\vendor\\laravel\\framework\\src\\Illuminate\\Foundation\\Http\\Middleware\\ValidatePostSize.php(27): Illuminate\\Pipeline\\Pipeline->Illuminate\\Pipeline\\{closure}()
#53 C:\\Users\\cells\\OneDrive\\Documents\\GitHub\\NpcDev\\NpcDev\\vendor\\laravel\\framework\\src\\Illuminate\\Pipeline\\Pipeline.php(167): Illuminate\\Foundation\\Http\\Middleware\\ValidatePostSize->handle()
#54 C:\\Users\\cells\\OneDrive\\Documents\\GitHub\\NpcDev\\NpcDev\\vendor\\laravel\\framework\\src\\Illuminate\\Foundation\\Http\\Middleware\\PreventRequestsDuringMaintenance.php(86): Illuminate\\Pipeline\\Pipeline->Illuminate\\Pipeline\\{closure}()
#55 C:\\Users\\cells\\OneDrive\\Documents\\GitHub\\NpcDev\\NpcDev\\vendor\\laravel\\framework\\src\\Illuminate\\Pipeline\\Pipeline.php(167): Illuminate\\Foundation\\Http\\Middleware\\PreventRequestsDuringMaintenance->handle()
#56 C:\\Users\\cells\\OneDrive\\Documents\\GitHub\\NpcDev\\NpcDev\\vendor\\fruitcake\\laravel-cors\\src\\HandleCors.php(38): Illuminate\\Pipeline\\Pipeline->Illuminate\\Pipeline\\{closure}()
#57 C:\\Users\\cells\\OneDrive\\Documents\\GitHub\\NpcDev\\NpcDev\\vendor\\laravel\\framework\\src\\Illuminate\\Pipeline\\Pipeline.php(167): Fruitcake\\Cors\\HandleCors->handle()
#58 C:\\Users\\cells\\OneDrive\\Documents\\GitHub\\NpcDev\\NpcDev\\vendor\\laravel\\framework\\src\\Illuminate\\Http\\Middleware\\TrustProxies.php(39): Illuminate\\Pipeline\\Pipeline->Illuminate\\Pipeline\\{closure}()
#59 C:\\Users\\cells\\OneDrive\\Documents\\GitHub\\NpcDev\\NpcDev\\vendor\\laravel\\framework\\src\\Illuminate\\Pipeline\\Pipeline.php(167): Illuminate\\Http\\Middleware\\TrustProxies->handle()
#60 C:\\Users\\cells\\OneDrive\\Documents\\GitHub\\NpcDev\\NpcDev\\vendor\\laravel\\framework\\src\\Illuminate\\Pipeline\\Pipeline.php(103): Illuminate\\Pipeline\\Pipeline->Illuminate\\Pipeline\\{closure}()
#61 C:\\Users\\cells\\OneDrive\\Documents\\GitHub\\NpcDev\\NpcDev\\vendor\\laravel\\framework\\src\\Illuminate\\Foundation\\Http\\Kernel.php(142): Illuminate\\Pipeline\\Pipeline->then()
#62 C:\\Users\\cells\\OneDrive\\Documents\\GitHub\\NpcDev\\NpcDev\\vendor\\laravel\\framework\\src\\Illuminate\\Foundation\\Http\\Kernel.php(111): Illuminate\\Foundation\\Http\\Kernel->sendRequestThroughRouter()
#63 C:\\Users\\cells\\OneDrive\\Documents\\GitHub\\NpcDev\\NpcDev\\public\\index.php(51): Illuminate\\Foundation\\Http\\Kernel->handle()
#64 C:\\Users\\cells\\OneDrive\\Documents\\GitHub\\NpcDev\\NpcDev\\server.php(21): require_once('...')
#65 {main}
"} 
[2023-07-05 11:32:21] local.ERROR: SQLSTATE[HY000] [2002] No connection could be made because the target machine actively refused it (SQL: select * from `canteens`) {"exception":"[object] (Illuminate\\Database\\QueryException(code: 2002): SQLSTATE[HY000] [2002] No connection could be made because the target machine actively refused it (SQL: select * from `canteens`) at C:\\Users\\cells\\OneDrive\\Documents\\GitHub\\NpcDev\\NpcDev\\vendor\\laravel\\framework\\src\\Illuminate\\Database\\Connection.php:712)
[stacktrace]
#0 C:\\Users\\cells\\OneDrive\\Documents\\GitHub\\NpcDev\\NpcDev\\vendor\\laravel\\framework\\src\\Illuminate\\Database\\Connection.php(672): Illuminate\\Database\\Connection->runQueryCallback()
#1 C:\\Users\\cells\\OneDrive\\Documents\\GitHub\\NpcDev\\NpcDev\\vendor\\laravel\\framework\\src\\Illuminate\\Database\\Connection.php(359): Illuminate\\Database\\Connection->run()
#2 C:\\Users\\cells\\OneDrive\\Documents\\GitHub\\NpcDev\\NpcDev\\vendor\\laravel\\framework\\src\\Illuminate\\Database\\Query\\Builder.php(2413): Illuminate\\Database\\Connection->select()
#3 C:\\Users\\cells\\OneDrive\\Documents\\GitHub\\NpcDev\\NpcDev\\vendor\\laravel\\framework\\src\\Illuminate\\Database\\Query\\Builder.php(2402): Illuminate\\Database\\Query\\Builder->runSelect()
#4 C:\\Users\\cells\\OneDrive\\Documents\\GitHub\\NpcDev\\NpcDev\\vendor\\laravel\\framework\\src\\Illuminate\\Database\\Query\\Builder.php(2936): Illuminate\\Database\\Query\\Builder->Illuminate\\Database\\Query\\{closure}()
#5 C:\\Users\\cells\\OneDrive\\Documents\\GitHub\\NpcDev\\NpcDev\\vendor\\laravel\\framework\\src\\Illuminate\\Database\\Query\\Builder.php(2401): Illuminate\\Database\\Query\\Builder->onceWithColumns()
#6 C:\\Users\\cells\\OneDrive\\Documents\\GitHub\\NpcDev\\NpcDev\\vendor\\laravel\\framework\\src\\Illuminate\\Database\\Eloquent\\Builder.php(625): Illuminate\\Database\\Query\\Builder->get()
#7 C:\\Users\\cells\\OneDrive\\Documents\\GitHub\\NpcDev\\NpcDev\\vendor\\laravel\\framework\\src\\Illuminate\\Database\\Eloquent\\Builder.php(609): Illuminate\\Database\\Eloquent\\Builder->getModels()
#8 C:\\Users\\cells\\OneDrive\\Documents\\GitHub\\NpcDev\\NpcDev\\vendor\\laravel\\framework\\src\\Illuminate\\Database\\Eloquent\\Model.php(567): Illuminate\\Database\\Eloquent\\Builder->get()
#9 C:\\Users\\cells\\OneDrive\\Documents\\GitHub\\NpcDev\\NpcDev\\app\\Http\\Controllers\\CanteensController.php(22): Illuminate\\Database\\Eloquent\\Model::all()
#10 C:\\Users\\cells\\OneDrive\\Documents\\GitHub\\NpcDev\\NpcDev\\vendor\\laravel\\framework\\src\\Illuminate\\Routing\\Controller.php(54): App\\Http\\Controllers\\CanteensController->getCanteens()
#11 C:\\Users\\cells\\OneDrive\\Documents\\GitHub\\NpcDev\\NpcDev\\vendor\\laravel\\framework\\src\\Illuminate\\Routing\\ControllerDispatcher.php(45): Illuminate\\Routing\\Controller->callAction()
#12 C:\\Users\\cells\\OneDrive\\Documents\\GitHub\\NpcDev\\NpcDev\\vendor\\laravel\\framework\\src\\Illuminate\\Routing\\Route.php(261): Illuminate\\Routing\\ControllerDispatcher->dispatch()
#13 C:\\Users\\cells\\OneDrive\\Documents\\GitHub\\NpcDev\\NpcDev\\vendor\\laravel\\framework\\src\\Illuminate\\Routing\\Route.php(205): Illuminate\\Routing\\Route->runController()
#14 C:\\Users\\cells\\OneDrive\\Documents\\GitHub\\NpcDev\\NpcDev\\vendor\\laravel\\framework\\src\\Illuminate\\Routing\\Router.php(721): Illuminate\\Routing\\Route->run()
#15 C:\\Users\\cells\\OneDrive\\Documents\\GitHub\\NpcDev\\NpcDev\\vendor\\laravel\\framework\\src\\Illuminate\\Pipeline\\Pipeline.php(128): Illuminate\\Routing\\Router->Illuminate\\Routing\\{closure}()
#16 C:\\Users\\cells\\OneDrive\\Documents\\GitHub\\NpcDev\\NpcDev\\vendor\\laravel\\framework\\src\\Illuminate\\Routing\\Middleware\\SubstituteBindings.php(50): Illuminate\\Pipeline\\Pipeline->Illuminate\\Pipeline\\{closure}()
#17 C:\\Users\\cells\\OneDrive\\Documents\\GitHub\\NpcDev\\NpcDev\\vendor\\laravel\\framework\\src\\Illuminate\\Pipeline\\Pipeline.php(167): Illuminate\\Routing\\Middleware\\SubstituteBindings->handle()
#18 C:\\Users\\cells\\OneDrive\\Documents\\GitHub\\NpcDev\\NpcDev\\vendor\\laravel\\framework\\src\\Illuminate\\Foundation\\Http\\Middleware\\VerifyCsrfToken.php(78): Illuminate\\Pipeline\\Pipeline->Illuminate\\Pipeline\\{closure}()
#19 C:\\Users\\cells\\OneDrive\\Documents\\GitHub\\NpcDev\\NpcDev\\vendor\\laravel\\framework\\src\\Illuminate\\Pipeline\\Pipeline.php(167): Illuminate\\Foundation\\Http\\Middleware\\VerifyCsrfToken->handle()
#20 C:\\Users\\cells\\OneDrive\\Documents\\GitHub\\NpcDev\\NpcDev\\vendor\\laravel\\framework\\src\\Illuminate\\View\\Middleware\\ShareErrorsFromSession.php(49): Illuminate\\Pipeline\\Pipeline->Illuminate\\Pipeline\\{closure}()
#21 C:\\Users\\cells\\OneDrive\\Documents\\GitHub\\NpcDev\\NpcDev\\vendor\\laravel\\framework\\src\\Illuminate\\Pipeline\\Pipeline.php(167): Illuminate\\View\\Middleware\\ShareErrorsFromSession->handle()
#22 C:\\Users\\cells\\OneDrive\\Documents\\GitHub\\NpcDev\\NpcDev\\vendor\\laravel\\framework\\src\\Illuminate\\Session\\Middleware\\StartSession.php(121): Illuminate\\Pipeline\\Pipeline->Illuminate\\Pipeline\\{closure}()
#23 C:\\Users\\cells\\OneDrive\\Documents\\GitHub\\NpcDev\\NpcDev\\vendor\\laravel\\framework\\src\\Illuminate\\Session\\Middleware\\StartSession.php(64): Illuminate\\Session\\Middleware\\StartSession->handleStatefulRequest()
#24 C:\\Users\\cells\\OneDrive\\Documents\\GitHub\\NpcDev\\NpcDev\\vendor\\laravel\\framework\\src\\Illuminate\\Pipeline\\Pipeline.php(167): Illuminate\\Session\\Middleware\\StartSession->handle()
#25 C:\\Users\\cells\\OneDrive\\Documents\\GitHub\\NpcDev\\NpcDev\\vendor\\laravel\\framework\\src\\Illuminate\\Cookie\\Middleware\\AddQueuedCookiesToResponse.php(37): Illuminate\\Pipeline\\Pipeline->Illuminate\\Pipeline\\{closure}()
#26 C:\\Users\\cells\\OneDrive\\Documents\\GitHub\\NpcDev\\NpcDev\\vendor\\laravel\\framework\\src\\Illuminate\\Pipeline\\Pipeline.php(167): Illuminate\\Cookie\\Middleware\\AddQueuedCookiesToResponse->handle()
#27 C:\\Users\\cells\\OneDrive\\Documents\\GitHub\\NpcDev\\NpcDev\\vendor\\laravel\\framework\\src\\Illuminate\\Cookie\\Middleware\\EncryptCookies.php(67): Illuminate\\Pipeline\\Pipeline->Illuminate\\Pipeline\\{closure}()
#28 C:\\Users\\cells\\OneDrive\\Documents\\GitHub\\NpcDev\\NpcDev\\vendor\\laravel\\framework\\src\\Illuminate\\Pipeline\\Pipeline.php(167): Illuminate\\Cookie\\Middleware\\EncryptCookies->handle()
#29 C:\\Users\\cells\\OneDrive\\Documents\\GitHub\\NpcDev\\NpcDev\\vendor\\laravel\\framework\\src\\Illuminate\\Pipeline\\Pipeline.php(103): Illuminate\\Pipeline\\Pipeline->Illuminate\\Pipeline\\{closure}()
#30 C:\\Users\\cells\\OneDrive\\Documents\\GitHub\\NpcDev\\NpcDev\\vendor\\laravel\\framework\\src\\Illuminate\\Routing\\Router.php(719): Illuminate\\Pipeline\\Pipeline->then()
#31 C:\\Users\\cells\\OneDrive\\Documents\\GitHub\\NpcDev\\NpcDev\\vendor\\laravel\\framework\\src\\Illuminate\\Routing\\Router.php(698): Illuminate\\Routing\\Router->runRouteWithinStack()
#32 C:\\Users\\cells\\OneDrive\\Documents\\GitHub\\NpcDev\\NpcDev\\vendor\\laravel\\framework\\src\\Illuminate\\Routing\\Router.php(662): Illuminate\\Routing\\Router->runRoute()
#33 C:\\Users\\cells\\OneDrive\\Documents\\GitHub\\NpcDev\\NpcDev\\vendor\\laravel\\framework\\src\\Illuminate\\Routing\\Router.php(651): Illuminate\\Routing\\Router->dispatchToRoute()
#34 C:\\Users\\cells\\OneDrive\\Documents\\GitHub\\NpcDev\\NpcDev\\vendor\\laravel\\framework\\src\\Illuminate\\Foundation\\Http\\Kernel.php(167): Illuminate\\Routing\\Router->dispatch()
#35 C:\\Users\\cells\\OneDrive\\Documents\\GitHub\\NpcDev\\NpcDev\\vendor\\laravel\\framework\\src\\Illuminate\\Pipeline\\Pipeline.php(128): Illuminate\\Foundation\\Http\\Kernel->Illuminate\\Foundation\\Http\\{closure}()
#36 C:\\Users\\cells\\OneDrive\\Documents\\GitHub\\NpcDev\\NpcDev\\vendor\\laravel\\framework\\src\\Illuminate\\Foundation\\Http\\Middleware\\TransformsRequest.php(21): Illuminate\\Pipeline\\Pipeline->Illuminate\\Pipeline\\{closure}()
#37 C:\\Users\\cells\\OneDrive\\Documents\\GitHub\\NpcDev\\NpcDev\\vendor\\laravel\\framework\\src\\Illuminate\\Foundation\\Http\\Middleware\\ConvertEmptyStringsToNull.php(31): Illuminate\\Foundation\\Http\\Middleware\\TransformsRequest->handle()
#38 C:\\Users\\cells\\OneDrive\\Documents\\GitHub\\NpcDev\\NpcDev\\vendor\\laravel\\framework\\src\\Illuminate\\Pipeline\\Pipeline.php(167): Illuminate\\Foundation\\Http\\Middleware\\ConvertEmptyStringsToNull->handle()
#39 C:\\Users\\cells\\OneDrive\\Documents\\GitHub\\NpcDev\\NpcDev\\vendor\\laravel\\framework\\src\\Illuminate\\Foundation\\Http\\Middleware\\TransformsRequest.php(21): Illuminate\\Pipeline\\Pipeline->Illuminate\\Pipeline\\{closure}()
#40 C:\\Users\\cells\\OneDrive\\Documents\\GitHub\\NpcDev\\NpcDev\\vendor\\laravel\\framework\\src\\Illuminate\\Foundation\\Http\\Middleware\\TrimStrings.php(40): Illuminate\\Foundation\\Http\\Middleware\\TransformsRequest->handle()
#41 C:\\Users\\cells\\OneDrive\\Documents\\GitHub\\NpcDev\\NpcDev\\vendor\\laravel\\framework\\src\\Illuminate\\Pipeline\\Pipeline.php(167): Illuminate\\Foundation\\Http\\Middleware\\TrimStrings->handle()
#42 C:\\Users\\cells\\OneDrive\\Documents\\GitHub\\NpcDev\\NpcDev\\vendor\\laravel\\framework\\src\\Illuminate\\Foundation\\Http\\Middleware\\ValidatePostSize.php(27): Illuminate\\Pipeline\\Pipeline->Illuminate\\Pipeline\\{closure}()
#43 C:\\Users\\cells\\OneDrive\\Documents\\GitHub\\NpcDev\\NpcDev\\vendor\\laravel\\framework\\src\\Illuminate\\Pipeline\\Pipeline.php(167): Illuminate\\Foundation\\Http\\Middleware\\ValidatePostSize->handle()
#44 C:\\Users\\cells\\OneDrive\\Documents\\GitHub\\NpcDev\\NpcDev\\vendor\\laravel\\framework\\src\\Illuminate\\Foundation\\Http\\Middleware\\PreventRequestsDuringMaintenance.php(86): Illuminate\\Pipeline\\Pipeline->Illuminate\\Pipeline\\{closure}()
#45 C:\\Users\\cells\\OneDrive\\Documents\\GitHub\\NpcDev\\NpcDev\\vendor\\laravel\\framework\\src\\Illuminate\\Pipeline\\Pipeline.php(167): Illuminate\\Foundation\\Http\\Middleware\\PreventRequestsDuringMaintenance->handle()
#46 C:\\Users\\cells\\OneDrive\\Documents\\GitHub\\NpcDev\\NpcDev\\vendor\\fruitcake\\laravel-cors\\src\\HandleCors.php(38): Illuminate\\Pipeline\\Pipeline->Illuminate\\Pipeline\\{closure}()
#47 C:\\Users\\cells\\OneDrive\\Documents\\GitHub\\NpcDev\\NpcDev\\vendor\\laravel\\framework\\src\\Illuminate\\Pipeline\\Pipeline.php(167): Fruitcake\\Cors\\HandleCors->handle()
#48 C:\\Users\\cells\\OneDrive\\Documents\\GitHub\\NpcDev\\NpcDev\\vendor\\laravel\\framework\\src\\Illuminate\\Http\\Middleware\\TrustProxies.php(39): Illuminate\\Pipeline\\Pipeline->Illuminate\\Pipeline\\{closure}()
#49 C:\\Users\\cells\\OneDrive\\Documents\\GitHub\\NpcDev\\NpcDev\\vendor\\laravel\\framework\\src\\Illuminate\\Pipeline\\Pipeline.php(167): Illuminate\\Http\\Middleware\\TrustProxies->handle()
#50 C:\\Users\\cells\\OneDrive\\Documents\\GitHub\\NpcDev\\NpcDev\\vendor\\laravel\\framework\\src\\Illuminate\\Pipeline\\Pipeline.php(103): Illuminate\\Pipeline\\Pipeline->Illuminate\\Pipeline\\{closure}()
#51 C:\\Users\\cells\\OneDrive\\Documents\\GitHub\\NpcDev\\NpcDev\\vendor\\laravel\\framework\\src\\Illuminate\\Foundation\\Http\\Kernel.php(142): Illuminate\\Pipeline\\Pipeline->then()
#52 C:\\Users\\cells\\OneDrive\\Documents\\GitHub\\NpcDev\\NpcDev\\vendor\\laravel\\framework\\src\\Illuminate\\Foundation\\Http\\Kernel.php(111): Illuminate\\Foundation\\Http\\Kernel->sendRequestThroughRouter()
#53 C:\\Users\\cells\\OneDrive\\Documents\\GitHub\\NpcDev\\NpcDev\\public\\index.php(51): Illuminate\\Foundation\\Http\\Kernel->handle()
#54 C:\\Users\\cells\\OneDrive\\Documents\\GitHub\\NpcDev\\NpcDev\\server.php(21): require_once('...')
#55 {main}

[previous exception] [object] (PDOException(code: 2002): SQLSTATE[HY000] [2002] No connection could be made because the target machine actively refused it at C:\\Users\\cells\\OneDrive\\Documents\\GitHub\\NpcDev\\NpcDev\\vendor\\laravel\\framework\\src\\Illuminate\\Database\\Connectors\\Connector.php:70)
[stacktrace]
#0 C:\\Users\\cells\\OneDrive\\Documents\\GitHub\\NpcDev\\NpcDev\\vendor\\laravel\\framework\\src\\Illuminate\\Database\\Connectors\\Connector.php(70): PDO->__construct()
#1 C:\\Users\\cells\\OneDrive\\Documents\\GitHub\\NpcDev\\NpcDev\\vendor\\laravel\\framework\\src\\Illuminate\\Database\\Connectors\\Connector.php(45): Illuminate\\Database\\Connectors\\Connector->createPdoConnection()
#2 C:\\Users\\cells\\OneDrive\\Documents\\GitHub\\NpcDev\\NpcDev\\vendor\\laravel\\framework\\src\\Illuminate\\Database\\Connectors\\MySqlConnector.php(24): Illuminate\\Database\\Connectors\\Connector->createConnection()
#3 C:\\Users\\cells\\OneDrive\\Documents\\GitHub\\NpcDev\\NpcDev\\vendor\\laravel\\framework\\src\\Illuminate\\Database\\Connectors\\ConnectionFactory.php(184): Illuminate\\Database\\Connectors\\MySqlConnector->connect()
#4 [internal function]: Illuminate\\Database\\Connectors\\ConnectionFactory->Illuminate\\Database\\Connectors\\{closure}()
#5 C:\\Users\\cells\\OneDrive\\Documents\\GitHub\\NpcDev\\NpcDev\\vendor\\laravel\\framework\\src\\Illuminate\\Database\\Connection.php(1064): call_user_func()
#6 C:\\Users\\cells\\OneDrive\\Documents\\GitHub\\NpcDev\\NpcDev\\vendor\\laravel\\framework\\src\\Illuminate\\Database\\Connection.php(1100): Illuminate\\Database\\Connection->getPdo()
#7 C:\\Users\\cells\\OneDrive\\Documents\\GitHub\\NpcDev\\NpcDev\\vendor\\laravel\\framework\\src\\Illuminate\\Database\\Connection.php(442): Illuminate\\Database\\Connection->getReadPdo()
#8 C:\\Users\\cells\\OneDrive\\Documents\\GitHub\\NpcDev\\NpcDev\\vendor\\laravel\\framework\\src\\Illuminate\\Database\\Connection.php(368): Illuminate\\Database\\Connection->getPdoForSelect()
#9 C:\\Users\\cells\\OneDrive\\Documents\\GitHub\\NpcDev\\NpcDev\\vendor\\laravel\\framework\\src\\Illuminate\\Database\\Connection.php(705): Illuminate\\Database\\Connection->Illuminate\\Database\\{closure}()
#10 C:\\Users\\cells\\OneDrive\\Documents\\GitHub\\NpcDev\\NpcDev\\vendor\\laravel\\framework\\src\\Illuminate\\Database\\Connection.php(672): Illuminate\\Database\\Connection->runQueryCallback()
#11 C:\\Users\\cells\\OneDrive\\Documents\\GitHub\\NpcDev\\NpcDev\\vendor\\laravel\\framework\\src\\Illuminate\\Database\\Connection.php(359): Illuminate\\Database\\Connection->run()
#12 C:\\Users\\cells\\OneDrive\\Documents\\GitHub\\NpcDev\\NpcDev\\vendor\\laravel\\framework\\src\\Illuminate\\Database\\Query\\Builder.php(2413): Illuminate\\Database\\Connection->select()
#13 C:\\Users\\cells\\OneDrive\\Documents\\GitHub\\NpcDev\\NpcDev\\vendor\\laravel\\framework\\src\\Illuminate\\Database\\Query\\Builder.php(2402): Illuminate\\Database\\Query\\Builder->runSelect()
#14 C:\\Users\\cells\\OneDrive\\Documents\\GitHub\\NpcDev\\NpcDev\\vendor\\laravel\\framework\\src\\Illuminate\\Database\\Query\\Builder.php(2936): Illuminate\\Database\\Query\\Builder->Illuminate\\Database\\Query\\{closure}()
#15 C:\\Users\\cells\\OneDrive\\Documents\\GitHub\\NpcDev\\NpcDev\\vendor\\laravel\\framework\\src\\Illuminate\\Database\\Query\\Builder.php(2401): Illuminate\\Database\\Query\\Builder->onceWithColumns()
#16 C:\\Users\\cells\\OneDrive\\Documents\\GitHub\\NpcDev\\NpcDev\\vendor\\laravel\\framework\\src\\Illuminate\\Database\\Eloquent\\Builder.php(625): Illuminate\\Database\\Query\\Builder->get()
#17 C:\\Users\\cells\\OneDrive\\Documents\\GitHub\\NpcDev\\NpcDev\\vendor\\laravel\\framework\\src\\Illuminate\\Database\\Eloquent\\Builder.php(609): Illuminate\\Database\\Eloquent\\Builder->getModels()
#18 C:\\Users\\cells\\OneDrive\\Documents\\GitHub\\NpcDev\\NpcDev\\vendor\\laravel\\framework\\src\\Illuminate\\Database\\Eloquent\\Model.php(567): Illuminate\\Database\\Eloquent\\Builder->get()
#19 C:\\Users\\cells\\OneDrive\\Documents\\GitHub\\NpcDev\\NpcDev\\app\\Http\\Controllers\\CanteensController.php(22): Illuminate\\Database\\Eloquent\\Model::all()
#20 C:\\Users\\cells\\OneDrive\\Documents\\GitHub\\NpcDev\\NpcDev\\vendor\\laravel\\framework\\src\\Illuminate\\Routing\\Controller.php(54): App\\Http\\Controllers\\CanteensController->getCanteens()
#21 C:\\Users\\cells\\OneDrive\\Documents\\GitHub\\NpcDev\\NpcDev\\vendor\\laravel\\framework\\src\\Illuminate\\Routing\\ControllerDispatcher.php(45): Illuminate\\Routing\\Controller->callAction()
#22 C:\\Users\\cells\\OneDrive\\Documents\\GitHub\\NpcDev\\NpcDev\\vendor\\laravel\\framework\\src\\Illuminate\\Routing\\Route.php(261): Illuminate\\Routing\\ControllerDispatcher->dispatch()
#23 C:\\Users\\cells\\OneDrive\\Documents\\GitHub\\NpcDev\\NpcDev\\vendor\\laravel\\framework\\src\\Illuminate\\Routing\\Route.php(205): Illuminate\\Routing\\Route->runController()
#24 C:\\Users\\cells\\OneDrive\\Documents\\GitHub\\NpcDev\\NpcDev\\vendor\\laravel\\framework\\src\\Illuminate\\Routing\\Router.php(721): Illuminate\\Routing\\Route->run()
#25 C:\\Users\\cells\\OneDrive\\Documents\\GitHub\\NpcDev\\NpcDev\\vendor\\laravel\\framework\\src\\Illuminate\\Pipeline\\Pipeline.php(128): Illuminate\\Routing\\Router->Illuminate\\Routing\\{closure}()
#26 C:\\Users\\cells\\OneDrive\\Documents\\GitHub\\NpcDev\\NpcDev\\vendor\\laravel\\framework\\src\\Illuminate\\Routing\\Middleware\\SubstituteBindings.php(50): Illuminate\\Pipeline\\Pipeline->Illuminate\\Pipeline\\{closure}()
#27 C:\\Users\\cells\\OneDrive\\Documents\\GitHub\\NpcDev\\NpcDev\\vendor\\laravel\\framework\\src\\Illuminate\\Pipeline\\Pipeline.php(167): Illuminate\\Routing\\Middleware\\SubstituteBindings->handle()
#28 C:\\Users\\cells\\OneDrive\\Documents\\GitHub\\NpcDev\\NpcDev\\vendor\\laravel\\framework\\src\\Illuminate\\Foundation\\Http\\Middleware\\VerifyCsrfToken.php(78): Illuminate\\Pipeline\\Pipeline->Illuminate\\Pipeline\\{closure}()
#29 C:\\Users\\cells\\OneDrive\\Documents\\GitHub\\NpcDev\\NpcDev\\vendor\\laravel\\framework\\src\\Illuminate\\Pipeline\\Pipeline.php(167): Illuminate\\Foundation\\Http\\Middleware\\VerifyCsrfToken->handle()
#30 C:\\Users\\cells\\OneDrive\\Documents\\GitHub\\NpcDev\\NpcDev\\vendor\\laravel\\framework\\src\\Illuminate\\View\\Middleware\\ShareErrorsFromSession.php(49): Illuminate\\Pipeline\\Pipeline->Illuminate\\Pipeline\\{closure}()
#31 C:\\Users\\cells\\OneDrive\\Documents\\GitHub\\NpcDev\\NpcDev\\vendor\\laravel\\framework\\src\\Illuminate\\Pipeline\\Pipeline.php(167): Illuminate\\View\\Middleware\\ShareErrorsFromSession->handle()
#32 C:\\Users\\cells\\OneDrive\\Documents\\GitHub\\NpcDev\\NpcDev\\vendor\\laravel\\framework\\src\\Illuminate\\Session\\Middleware\\StartSession.php(121): Illuminate\\Pipeline\\Pipeline->Illuminate\\Pipeline\\{closure}()
#33 C:\\Users\\cells\\OneDrive\\Documents\\GitHub\\NpcDev\\NpcDev\\vendor\\laravel\\framework\\src\\Illuminate\\Session\\Middleware\\StartSession.php(64): Illuminate\\Session\\Middleware\\StartSession->handleStatefulRequest()
#34 C:\\Users\\cells\\OneDrive\\Documents\\GitHub\\NpcDev\\NpcDev\\vendor\\laravel\\framework\\src\\Illuminate\\Pipeline\\Pipeline.php(167): Illuminate\\Session\\Middleware\\StartSession->handle()
#35 C:\\Users\\cells\\OneDrive\\Documents\\GitHub\\NpcDev\\NpcDev\\vendor\\laravel\\framework\\src\\Illuminate\\Cookie\\Middleware\\AddQueuedCookiesToResponse.php(37): Illuminate\\Pipeline\\Pipeline->Illuminate\\Pipeline\\{closure}()
#36 C:\\Users\\cells\\OneDrive\\Documents\\GitHub\\NpcDev\\NpcDev\\vendor\\laravel\\framework\\src\\Illuminate\\Pipeline\\Pipeline.php(167): Illuminate\\Cookie\\Middleware\\AddQueuedCookiesToResponse->handle()
#37 C:\\Users\\cells\\OneDrive\\Documents\\GitHub\\NpcDev\\NpcDev\\vendor\\laravel\\framework\\src\\Illuminate\\Cookie\\Middleware\\EncryptCookies.php(67): Illuminate\\Pipeline\\Pipeline->Illuminate\\Pipeline\\{closure}()
#38 C:\\Users\\cells\\OneDrive\\Documents\\GitHub\\NpcDev\\NpcDev\\vendor\\laravel\\framework\\src\\Illuminate\\Pipeline\\Pipeline.php(167): Illuminate\\Cookie\\Middleware\\EncryptCookies->handle()
#39 C:\\Users\\cells\\OneDrive\\Documents\\GitHub\\NpcDev\\NpcDev\\vendor\\laravel\\framework\\src\\Illuminate\\Pipeline\\Pipeline.php(103): Illuminate\\Pipeline\\Pipeline->Illuminate\\Pipeline\\{closure}()
#40 C:\\Users\\cells\\OneDrive\\Documents\\GitHub\\NpcDev\\NpcDev\\vendor\\laravel\\framework\\src\\Illuminate\\Routing\\Router.php(719): Illuminate\\Pipeline\\Pipeline->then()
#41 C:\\Users\\cells\\OneDrive\\Documents\\GitHub\\NpcDev\\NpcDev\\vendor\\laravel\\framework\\src\\Illuminate\\Routing\\Router.php(698): Illuminate\\Routing\\Router->runRouteWithinStack()
#42 C:\\Users\\cells\\OneDrive\\Documents\\GitHub\\NpcDev\\NpcDev\\vendor\\laravel\\framework\\src\\Illuminate\\Routing\\Router.php(662): Illuminate\\Routing\\Router->runRoute()
#43 C:\\Users\\cells\\OneDrive\\Documents\\GitHub\\NpcDev\\NpcDev\\vendor\\laravel\\framework\\src\\Illuminate\\Routing\\Router.php(651): Illuminate\\Routing\\Router->dispatchToRoute()
#44 C:\\Users\\cells\\OneDrive\\Documents\\GitHub\\NpcDev\\NpcDev\\vendor\\laravel\\framework\\src\\Illuminate\\Foundation\\Http\\Kernel.php(167): Illuminate\\Routing\\Router->dispatch()
#45 C:\\Users\\cells\\OneDrive\\Documents\\GitHub\\NpcDev\\NpcDev\\vendor\\laravel\\framework\\src\\Illuminate\\Pipeline\\Pipeline.php(128): Illuminate\\Foundation\\Http\\Kernel->Illuminate\\Foundation\\Http\\{closure}()
#46 C:\\Users\\cells\\OneDrive\\Documents\\GitHub\\NpcDev\\NpcDev\\vendor\\laravel\\framework\\src\\Illuminate\\Foundation\\Http\\Middleware\\TransformsRequest.php(21): Illuminate\\Pipeline\\Pipeline->Illuminate\\Pipeline\\{closure}()
#47 C:\\Users\\cells\\OneDrive\\Documents\\GitHub\\NpcDev\\NpcDev\\vendor\\laravel\\framework\\src\\Illuminate\\Foundation\\Http\\Middleware\\ConvertEmptyStringsToNull.php(31): Illuminate\\Foundation\\Http\\Middleware\\TransformsRequest->handle()
#48 C:\\Users\\cells\\OneDrive\\Documents\\GitHub\\NpcDev\\NpcDev\\vendor\\laravel\\framework\\src\\Illuminate\\Pipeline\\Pipeline.php(167): Illuminate\\Foundation\\Http\\Middleware\\ConvertEmptyStringsToNull->handle()
#49 C:\\Users\\cells\\OneDrive\\Documents\\GitHub\\NpcDev\\NpcDev\\vendor\\laravel\\framework\\src\\Illuminate\\Foundation\\Http\\Middleware\\TransformsRequest.php(21): Illuminate\\Pipeline\\Pipeline->Illuminate\\Pipeline\\{closure}()
#50 C:\\Users\\cells\\OneDrive\\Documents\\GitHub\\NpcDev\\NpcDev\\vendor\\laravel\\framework\\src\\Illuminate\\Foundation\\Http\\Middleware\\TrimStrings.php(40): Illuminate\\Foundation\\Http\\Middleware\\TransformsRequest->handle()
#51 C:\\Users\\cells\\OneDrive\\Documents\\GitHub\\NpcDev\\NpcDev\\vendor\\laravel\\framework\\src\\Illuminate\\Pipeline\\Pipeline.php(167): Illuminate\\Foundation\\Http\\Middleware\\TrimStrings->handle()
#52 C:\\Users\\cells\\OneDrive\\Documents\\GitHub\\NpcDev\\NpcDev\\vendor\\laravel\\framework\\src\\Illuminate\\Foundation\\Http\\Middleware\\ValidatePostSize.php(27): Illuminate\\Pipeline\\Pipeline->Illuminate\\Pipeline\\{closure}()
#53 C:\\Users\\cells\\OneDrive\\Documents\\GitHub\\NpcDev\\NpcDev\\vendor\\laravel\\framework\\src\\Illuminate\\Pipeline\\Pipeline.php(167): Illuminate\\Foundation\\Http\\Middleware\\ValidatePostSize->handle()
#54 C:\\Users\\cells\\OneDrive\\Documents\\GitHub\\NpcDev\\NpcDev\\vendor\\laravel\\framework\\src\\Illuminate\\Foundation\\Http\\Middleware\\PreventRequestsDuringMaintenance.php(86): Illuminate\\Pipeline\\Pipeline->Illuminate\\Pipeline\\{closure}()
#55 C:\\Users\\cells\\OneDrive\\Documents\\GitHub\\NpcDev\\NpcDev\\vendor\\laravel\\framework\\src\\Illuminate\\Pipeline\\Pipeline.php(167): Illuminate\\Foundation\\Http\\Middleware\\PreventRequestsDuringMaintenance->handle()
#56 C:\\Users\\cells\\OneDrive\\Documents\\GitHub\\NpcDev\\NpcDev\\vendor\\fruitcake\\laravel-cors\\src\\HandleCors.php(38): Illuminate\\Pipeline\\Pipeline->Illuminate\\Pipeline\\{closure}()
#57 C:\\Users\\cells\\OneDrive\\Documents\\GitHub\\NpcDev\\NpcDev\\vendor\\laravel\\framework\\src\\Illuminate\\Pipeline\\Pipeline.php(167): Fruitcake\\Cors\\HandleCors->handle()
#58 C:\\Users\\cells\\OneDrive\\Documents\\GitHub\\NpcDev\\NpcDev\\vendor\\laravel\\framework\\src\\Illuminate\\Http\\Middleware\\TrustProxies.php(39): Illuminate\\Pipeline\\Pipeline->Illuminate\\Pipeline\\{closure}()
#59 C:\\Users\\cells\\OneDrive\\Documents\\GitHub\\NpcDev\\NpcDev\\vendor\\laravel\\framework\\src\\Illuminate\\Pipeline\\Pipeline.php(167): Illuminate\\Http\\Middleware\\TrustProxies->handle()
#60 C:\\Users\\cells\\OneDrive\\Documents\\GitHub\\NpcDev\\NpcDev\\vendor\\laravel\\framework\\src\\Illuminate\\Pipeline\\Pipeline.php(103): Illuminate\\Pipeline\\Pipeline->Illuminate\\Pipeline\\{closure}()
#61 C:\\Users\\cells\\OneDrive\\Documents\\GitHub\\NpcDev\\NpcDev\\vendor\\laravel\\framework\\src\\Illuminate\\Foundation\\Http\\Kernel.php(142): Illuminate\\Pipeline\\Pipeline->then()
#62 C:\\Users\\cells\\OneDrive\\Documents\\GitHub\\NpcDev\\NpcDev\\vendor\\laravel\\framework\\src\\Illuminate\\Foundation\\Http\\Kernel.php(111): Illuminate\\Foundation\\Http\\Kernel->sendRequestThroughRouter()
#63 C:\\Users\\cells\\OneDrive\\Documents\\GitHub\\NpcDev\\NpcDev\\public\\index.php(51): Illuminate\\Foundation\\Http\\Kernel->handle()
#64 C:\\Users\\cells\\OneDrive\\Documents\\GitHub\\NpcDev\\NpcDev\\server.php(21): require_once('...')
#65 {main}
"} 
